[1/2] "C:/Users/segfault/AppData/Local/vcpkg/downloads/tools/cmake-3.27.1-windows/cmake-3.27.1-windows-i386/bin/cmake.exe" -E chdir "../../x86-windows-dbg" "C:/Users/segfault/AppData/Local/vcpkg/downloads/tools/cmake-3.27.1-windows/cmake-3.27.1-windows-i386/bin/cmake.exe" "E:/Electro/Disunited-States-of-America/vcpkg_installed/vcpkg/blds/libflac/src/1.4.3-00043104ae.clean" "-G" "Ninja" "-DCMAKE_BUILD_TYPE=Debug" "-DCMAKE_INSTALL_PREFIX=E:/Electro/Disunited-States-of-America/vcpkg_installed/vcpkg/pkgs/libflac_x86-windows/debug" "-DFETCHCONTENT_FULLY_DISCONNECTED=ON" "-DWITH_ASM=OFF" "-DBUILD_PROGRAMS=OFF" "-DBUILD_EXAMPLES=OFF" "-DBUILD_DOCS=OFF" "-DBUILD_TESTING=OFF" "-DINSTALL_MANPAGES=OFF" "-DCMAKE_MAKE_PROGRAM=E:/vs2022/Common7/IDE/CommonExtensions/Microsoft/CMake/Ninja/ninja.exe" "-DBUILD_SHARED_LIBS=ON" "-DVCPKG_CHAINLOAD_TOOLCHAIN_FILE=E:/Electro/Disunited-States-of-America/tmp/vcpkg/scripts/toolchains/windows.cmake" "-DVCPKG_TARGET_TRIPLET=x86-windows" "-DVCPKG_SET_CHARSET_FLAG=ON" "-DVCPKG_PLATFORM_TOOLSET=v143" "-DCMAKE_EXPORT_NO_PACKAGE_REGISTRY=ON" "-DCMAKE_FIND_PACKAGE_NO_PACKAGE_REGISTRY=ON" "-DCMAKE_FIND_PACKAGE_NO_SYSTEM_PACKAGE_REGISTRY=ON" "-DCMAKE_INSTALL_SYSTEM_RUNTIME_LIBS_SKIP=TRUE" "-DCMAKE_VERBOSE_MAKEFILE=ON" "-DVCPKG_APPLOCAL_DEPS=OFF" "-DCMAKE_TOOLCHAIN_FILE=E:/Electro/Disunited-States-of-America/tmp/vcpkg/scripts/buildsystems/vcpkg.cmake" "-DCMAKE_ERROR_ON_ABSOLUTE_INSTALL_DESTINATION=ON" "-DVCPKG_CXX_FLAGS=" "-DVCPKG_CXX_FLAGS_RELEASE=" "-DVCPKG_CXX_FLAGS_DEBUG=" "-DVCPKG_C_FLAGS=" "-DVCPKG_C_FLAGS_RELEASE=" "-DVCPKG_C_FLAGS_DEBUG=" "-DVCPKG_CRT_LINKAGE=dynamic" "-DVCPKG_LINKER_FLAGS=" "-DVCPKG_LINKER_FLAGS_RELEASE=" "-DVCPKG_LINKER_FLAGS_DEBUG=" "-DVCPKG_TARGET_ARCHITECTURE=x86" "-DCMAKE_INSTALL_LIBDIR:STRING=lib" "-DCMAKE_INSTALL_BINDIR:STRING=bin" "-D_VCPKG_ROOT_DIR=E:/Electro/Disunited-States-of-America/tmp/vcpkg" "-D_VCPKG_INSTALLED_DIR=E:/Electro/Disunited-States-of-America/vcpkg_installed" "-DVCPKG_MANIFEST_INSTALL=OFF"
-- The C compiler identification is MSVC 19.36.32537.0
-- The CXX compiler identification is MSVC 19.36.32537.0
-- Detecting C compiler ABI info
-- Detecting C compiler ABI info - done
-- Check for working C compiler: E:/vs2022/VC/Tools/MSVC/14.36.32532/bin/Hostx64/x86/cl.exe - skipped
-- Detecting C compile features
-- Detecting C compile features - done
-- Detecting CXX compiler ABI info
-- Detecting CXX compiler ABI info - done
-- Check for working CXX compiler: E:/vs2022/VC/Tools/MSVC/14.36.32532/bin/Hostx64/x86/cl.exe - skipped
-- Detecting CXX compile features
-- Detecting CXX compile features - done
-- Could NOT find PkgConfig (missing: PKG_CONFIG_EXECUTABLE) 
-- Found Ogg: E:/Electro/Disunited-States-of-America/vcpkg_installed/x86-windows/include (found version "") 
-- Performing Test HAVE_MBSTATE
-- Performing Test HAVE_MBSTATE - Success
-- Performing Test DODEFINE_EXTENSIONS
-- Performing Test DODEFINE_EXTENSIONS - Success
-- Looking for byteswap.h
-- Looking for byteswap.h - not found
-- Looking for inttypes.h
-- Looking for inttypes.h - found
-- Looking for stdint.h
-- Looking for stdint.h - found
-- Looking for stdbool.h
-- Looking for stdbool.h - found
-- Looking for arm_neon.h
-- Looking for arm_neon.h - not found
-- Looking for intrin.h
-- Looking for intrin.h - found
-- Looking for fseeko
-- Looking for fseeko - not found
-- Performing Test HAVE_BSWAP16
-- Performing Test HAVE_BSWAP16 - Failed
-- Performing Test HAVE_BSWAP32
-- Performing Test HAVE_BSWAP32 - Failed
-- Performing Test HAVE_LANGINFO_CODESET
-- Performing Test HAVE_LANGINFO_CODESET - Failed
-- Performing Test HAVE_WERROR_FLAG
-- Performing Test HAVE_WERROR_FLAG - Failed
-- Performing Test HAVE_DECL_AFTER_STMT_FLAG
-- Performing Test HAVE_DECL_AFTER_STMT_FLAG - Failed
-- Performing Test HAVE_STACKREALIGN_FLAG
-- Performing Test HAVE_STACKREALIGN_FLAG - Failed
-- Performing Test HAVE_WEFFCXX_FLAG
-- Performing Test HAVE_WEFFCXX_FLAG - Failed
-- Looking for cpuid.h
-- Looking for cpuid.h - not found
-- Looking for sys/param.h
-- Looking for sys/param.h - not found
-- Looking for lround
-- Looking for lround - not found
-- Check CPU architecture is x64
-- Check CPU architecture is x64 - no
-- Check CPU architecture is x86
-- Check CPU architecture is x86 - yes
-- Performing Test HAVE_ASSOC_MATH
-- Performing Test HAVE_ASSOC_MATH - Failed
-- Looking for string.h
-- Looking for string.h - found
-- Configuring done (13.4s)
-- Generating done (0.1s)
CMake Warning:
  Manually-specified variables were not used by the project:

    FETCHCONTENT_FULLY_DISCONNECTED
    _VCPKG_ROOT_DIR


-- Build files have been written to: E:/Electro/Disunited-States-of-America/vcpkg_installed/vcpkg/blds/libflac/x86-windows-dbg
[2/2] "C:/Users/segfault/AppData/Local/vcpkg/downloads/tools/cmake-3.27.1-windows/cmake-3.27.1-windows-i386/bin/cmake.exe" -E chdir ".." "C:/Users/segfault/AppData/Local/vcpkg/downloads/tools/cmake-3.27.1-windows/cmake-3.27.1-windows-i386/bin/cmake.exe" "E:/Electro/Disunited-States-of-America/vcpkg_installed/vcpkg/blds/libflac/src/1.4.3-00043104ae.clean" "-G" "Ninja" "-DCMAKE_BUILD_TYPE=Release" "-DCMAKE_INSTALL_PREFIX=E:/Electro/Disunited-States-of-America/vcpkg_installed/vcpkg/pkgs/libflac_x86-windows" "-DFETCHCONTENT_FULLY_DISCONNECTED=ON" "-DWITH_ASM=OFF" "-DBUILD_PROGRAMS=OFF" "-DBUILD_EXAMPLES=OFF" "-DBUILD_DOCS=OFF" "-DBUILD_TESTING=OFF" "-DINSTALL_MANPAGES=OFF" "-DCMAKE_MAKE_PROGRAM=E:/vs2022/Common7/IDE/CommonExtensions/Microsoft/CMake/Ninja/ninja.exe" "-DBUILD_SHARED_LIBS=ON" "-DVCPKG_CHAINLOAD_TOOLCHAIN_FILE=E:/Electro/Disunited-States-of-America/tmp/vcpkg/scripts/toolchains/windows.cmake" "-DVCPKG_TARGET_TRIPLET=x86-windows" "-DVCPKG_SET_CHARSET_FLAG=ON" "-DVCPKG_PLATFORM_TOOLSET=v143" "-DCMAKE_EXPORT_NO_PACKAGE_REGISTRY=ON" "-DCMAKE_FIND_PACKAGE_NO_PACKAGE_REGISTRY=ON" "-DCMAKE_FIND_PACKAGE_NO_SYSTEM_PACKAGE_REGISTRY=ON" "-DCMAKE_INSTALL_SYSTEM_RUNTIME_LIBS_SKIP=TRUE" "-DCMAKE_VERBOSE_MAKEFILE=ON" "-DVCPKG_APPLOCAL_DEPS=OFF" "-DCMAKE_TOOLCHAIN_FILE=E:/Electro/Disunited-States-of-America/tmp/vcpkg/scripts/buildsystems/vcpkg.cmake" "-DCMAKE_ERROR_ON_ABSOLUTE_INSTALL_DESTINATION=ON" "-DVCPKG_CXX_FLAGS=" "-DVCPKG_CXX_FLAGS_RELEASE=" "-DVCPKG_CXX_FLAGS_DEBUG=" "-DVCPKG_C_FLAGS=" "-DVCPKG_C_FLAGS_RELEASE=" "-DVCPKG_C_FLAGS_DEBUG=" "-DVCPKG_CRT_LINKAGE=dynamic" "-DVCPKG_LINKER_FLAGS=" "-DVCPKG_LINKER_FLAGS_RELEASE=" "-DVCPKG_LINKER_FLAGS_DEBUG=" "-DVCPKG_TARGET_ARCHITECTURE=x86" "-DCMAKE_INSTALL_LIBDIR:STRING=lib" "-DCMAKE_INSTALL_BINDIR:STRING=bin" "-D_VCPKG_ROOT_DIR=E:/Electro/Disunited-States-of-America/tmp/vcpkg" "-D_VCPKG_INSTALLED_DIR=E:/Electro/Disunited-States-of-America/vcpkg_installed" "-DVCPKG_MANIFEST_INSTALL=OFF"
-- The C compiler identification is MSVC 19.36.32537.0
-- The CXX compiler identification is MSVC 19.36.32537.0
-- Detecting C compiler ABI info
-- Detecting C compiler ABI info - done
-- Check for working C compiler: E:/vs2022/VC/Tools/MSVC/14.36.32532/bin/Hostx64/x86/cl.exe - skipped
-- Detecting C compile features
-- Detecting C compile features - done
-- Detecting CXX compiler ABI info
-- Detecting CXX compiler ABI info - done
-- Check for working CXX compiler: E:/vs2022/VC/Tools/MSVC/14.36.32532/bin/Hostx64/x86/cl.exe - skipped
-- Detecting CXX compile features
-- Detecting CXX compile features - done
-- Could NOT find PkgConfig (missing: PKG_CONFIG_EXECUTABLE) 
-- Found Ogg: E:/Electro/Disunited-States-of-America/vcpkg_installed/x86-windows/include (found version "") 
-- Performing Test HAVE_MBSTATE
-- Performing Test HAVE_MBSTATE - Success
-- Performing Test DODEFINE_EXTENSIONS
-- Performing Test DODEFINE_EXTENSIONS - Success
-- Looking for byteswap.h
-- Looking for byteswap.h - not found
-- Looking for inttypes.h
-- Looking for inttypes.h - found
-- Looking for stdint.h
-- Looking for stdint.h - found
-- Looking for stdbool.h
-- Looking for stdbool.h - found
-- Looking for arm_neon.h
-- Looking for arm_neon.h - not found
-- Looking for intrin.h
-- Looking for intrin.h - found
-- Looking for fseeko
-- Looking for fseeko - not found
-- Performing Test HAVE_BSWAP16
-- Performing Test HAVE_BSWAP16 - Failed
-- Performing Test HAVE_BSWAP32
-- Performing Test HAVE_BSWAP32 - Failed
-- Performing Test HAVE_LANGINFO_CODESET
-- Performing Test HAVE_LANGINFO_CODESET - Failed
-- Performing Test HAVE_WERROR_FLAG
-- Performing Test HAVE_WERROR_FLAG - Failed
-- Performing Test HAVE_DECL_AFTER_STMT_FLAG
-- Performing Test HAVE_DECL_AFTER_STMT_FLAG - Failed
-- Performing Test HAVE_STACKREALIGN_FLAG
-- Performing Test HAVE_STACKREALIGN_FLAG - Failed
-- Performing Test HAVE_WEFFCXX_FLAG
-- Performing Test HAVE_WEFFCXX_FLAG - Failed
-- Looking for cpuid.h
-- Looking for cpuid.h - not found
-- Looking for sys/param.h
-- Looking for sys/param.h - not found
-- Looking for lround
-- Looking for lround - not found
-- Check CPU architecture is x64
-- Check CPU architecture is x64 - no
-- Check CPU architecture is x86
-- Check CPU architecture is x86 - yes
-- Performing Test HAVE_ASSOC_MATH
-- Performing Test HAVE_ASSOC_MATH - Failed
-- Looking for string.h
-- Looking for string.h - found
-- Configuring done (13.4s)
-- Generating done (0.1s)
CMake Warning:
  Manually-specified variables were not used by the project:

    FETCHCONTENT_FULLY_DISCONNECTED
    _VCPKG_ROOT_DIR


-- Build files have been written to: E:/Electro/Disunited-States-of-America/vcpkg_installed/vcpkg/blds/libflac/x86-windows-rel
