The target system is: Windows - 10.0.22621 - x86
The host system is: Windows - 10.0.22621 - AMD64
Compiling the CXX compiler identification source file "CMakeCXXCompilerId.cpp" succeeded.
Compiler: E:/vs2022/VC/Tools/MSVC/14.36.32532/bin/Hostx64/x86/cl.exe 
Build flags: ;/nologo;/DWIN32;/D_WINDOWS;/W3;/utf-8;/GR;/EHsc;/MP;
Id flags:  

The output was:
0
CMakeCXXCompilerId.cpp


Compilation of the CXX compiler identification source "CMakeCXXCompilerId.cpp" produced "CMakeCXXCompilerId.exe"

Compilation of the CXX compiler identification source "CMakeCXXCompilerId.cpp" produced "CMakeCXXCompilerId.obj"

The CXX compiler identification is MSVC, found in "E:/Electro/Disunited-States-of-America/vcpkg_installed/vcpkg/blds/jsoncpp/x86-windows-rel/CMakeFiles/3.25.1/CompilerIdCXX/CMakeCXXCompilerId.exe"

Detecting CXX compiler ABI info compiled with the following output:
Change Dir: E:/Electro/Disunited-States-of-America/vcpkg_installed/vcpkg/blds/jsoncpp/x86-windows-rel/CMakeFiles/CMakeScratch/TryCompile-eekx2f

Run Build Command(s):E:/vs2022/Common7/IDE/CommonExtensions/Microsoft/CMake/Ninja/ninja.exe cmTC_e4171 && [1/2] Building CXX object CMakeFiles\cmTC_e4171.dir\CMakeCXXCompilerABI.cpp.obj
[2/2] Linking CXX executable cmTC_e4171.exe



Determining if the include file clocale exists passed with the following output:
Change Dir: E:/Electro/Disunited-States-of-America/vcpkg_installed/vcpkg/blds/jsoncpp/x86-windows-rel/CMakeFiles/CMakeScratch/TryCompile-gqxyri

Run Build Command(s):E:/vs2022/Common7/IDE/CommonExtensions/Microsoft/CMake/Ninja/ninja.exe cmTC_e4367 && [1/2] Building CXX object CMakeFiles\cmTC_e4367.dir\CheckIncludeFile.cxx.obj
[2/2] Linking CXX executable cmTC_e4367.exe



Determining if the localeconv exist passed with the following output:
Change Dir: E:/Electro/Disunited-States-of-America/vcpkg_installed/vcpkg/blds/jsoncpp/x86-windows-rel/CMakeFiles/CMakeScratch/TryCompile-3ilut5

Run Build Command(s):E:/vs2022/Common7/IDE/CommonExtensions/Microsoft/CMake/Ninja/ninja.exe cmTC_8f502 && [1/2] Building CXX object CMakeFiles\cmTC_8f502.dir\CheckSymbolExists.cxx.obj
[2/2] Linking CXX executable cmTC_8f502.exe


File CheckSymbolExists.cxx:
/* */
#include <clocale>

int main(int argc, char** argv)
{
  (void)argv;
#ifndef localeconv
  return ((int*)(&localeconv))[argc];
#else
  (void)argc;
  return 0;
#endif
}
Determining if the include file sys/types.h exists passed with the following output:
Change Dir: E:/Electro/Disunited-States-of-America/vcpkg_installed/vcpkg/blds/jsoncpp/x86-windows-rel/CMakeFiles/CMakeScratch/TryCompile-xyliz0

Run Build Command(s):E:/vs2022/Common7/IDE/CommonExtensions/Microsoft/CMake/Ninja/ninja.exe cmTC_cd0af && [1/2] Building CXX object CMakeFiles\cmTC_cd0af.dir\CheckIncludeFile.cxx.obj
[2/2] Linking CXX executable cmTC_cd0af.exe



Determining if the include file stdint.h exists passed with the following output:
Change Dir: E:/Electro/Disunited-States-of-America/vcpkg_installed/vcpkg/blds/jsoncpp/x86-windows-rel/CMakeFiles/CMakeScratch/TryCompile-ilvh0f

Run Build Command(s):E:/vs2022/Common7/IDE/CommonExtensions/Microsoft/CMake/Ninja/ninja.exe cmTC_bb425 && [1/2] Building CXX object CMakeFiles\cmTC_bb425.dir\CheckIncludeFile.cxx.obj
[2/2] Linking CXX executable cmTC_bb425.exe



Determining if the include file stddef.h exists passed with the following output:
Change Dir: E:/Electro/Disunited-States-of-America/vcpkg_installed/vcpkg/blds/jsoncpp/x86-windows-rel/CMakeFiles/CMakeScratch/TryCompile-nk2r5p

Run Build Command(s):E:/vs2022/Common7/IDE/CommonExtensions/Microsoft/CMake/Ninja/ninja.exe cmTC_3b52e && [1/2] Building CXX object CMakeFiles\cmTC_3b52e.dir\CheckIncludeFile.cxx.obj
[2/2] Linking CXX executable cmTC_3b52e.exe



Determining size of lconv passed with the following output:
Change Dir: E:/Electro/Disunited-States-of-America/vcpkg_installed/vcpkg/blds/jsoncpp/x86-windows-rel/CMakeFiles/CMakeScratch/TryCompile-3418yz

Run Build Command(s):E:/vs2022/Common7/IDE/CommonExtensions/Microsoft/CMake/Ninja/ninja.exe cmTC_aab7e && [1/2] Building CXX object CMakeFiles\cmTC_aab7e.dir\LCONV_SIZE.cpp.obj
[2/2] Linking CXX executable cmTC_aab7e.exe



Performing C++ SOURCE FILE Test HAVE_DECIMAL_POINT succeeded with the following output:
Change Dir: E:/Electro/Disunited-States-of-America/vcpkg_installed/vcpkg/blds/jsoncpp/x86-windows-rel/CMakeFiles/CMakeScratch/TryCompile-a1tuod

Run Build Command(s):E:/vs2022/Common7/IDE/CommonExtensions/Microsoft/CMake/Ninja/ninja.exe cmTC_31807 && [1/2] Building CXX object CMakeFiles\cmTC_31807.dir\src.cxx.obj
[2/2] Linking CXX executable cmTC_31807.exe


Source file was:

#include <clocale>

int main()
{
  (void)sizeof(((lconv *)0)->decimal_point);
  return 0;
}


