[1/2] "C:/Users/segfault/AppData/Local/vcpkg/downloads/tools/cmake-3.25.1-windows/cmake-3.25.1-windows-i386/bin/cmake.exe" -E chdir "../../x86-windows-dbg" "C:/Users/segfault/AppData/Local/vcpkg/downloads/tools/cmake-3.25.1-windows/cmake-3.25.1-windows-i386/bin/cmake.exe" "E:/Electro/Disunited-States-of-America/vcpkg_installed/vcpkg/blds/jsoncpp/src/1.9.5-13b47286ba.clean" "-G" "Ninja" "-DCMAKE_BUILD_TYPE=Debug" "-DCMAKE_INSTALL_PREFIX=E:/Electro/Disunited-States-of-America/vcpkg_installed/vcpkg/pkgs/jsoncpp_x86-windows/debug" "-DFETCHCONTENT_FULLY_DISCONNECTED=ON" "-DJSONCPP_WITH_CMAKE_PACKAGE=ON" "-DBUILD_STATIC_LIBS=0" "-DJSONCPP_STATIC_WINDOWS_RUNTIME=0" "-DJSONCPP_WITH_PKGCONFIG_SUPPORT=ON" "-DJSONCPP_WITH_POST_BUILD_UNITTEST=OFF" "-DJSONCPP_WITH_TESTS=OFF" "-DJSONCPP_WITH_EXAMPLE=OFF" "-DBUILD_OBJECT_LIBS=OFF" "-DCMAKE_MAKE_PROGRAM=E:/vs2022/Common7/IDE/CommonExtensions/Microsoft/CMake/Ninja/ninja.exe" "-DBUILD_SHARED_LIBS=ON" "-DVCPKG_CHAINLOAD_TOOLCHAIN_FILE=E:/vs2022/VC/vcpkg/scripts/toolchains/windows.cmake" "-DVCPKG_TARGET_TRIPLET=x86-windows" "-DVCPKG_SET_CHARSET_FLAG=ON" "-DVCPKG_PLATFORM_TOOLSET=v143" "-DCMAKE_EXPORT_NO_PACKAGE_REGISTRY=ON" "-DCMAKE_FIND_PACKAGE_NO_PACKAGE_REGISTRY=ON" "-DCMAKE_FIND_PACKAGE_NO_SYSTEM_PACKAGE_REGISTRY=ON" "-DCMAKE_INSTALL_SYSTEM_RUNTIME_LIBS_SKIP=TRUE" "-DCMAKE_VERBOSE_MAKEFILE=ON" "-DVCPKG_APPLOCAL_DEPS=OFF" "-DCMAKE_TOOLCHAIN_FILE=E:/vs2022/VC/vcpkg/scripts/buildsystems/vcpkg.cmake" "-DCMAKE_ERROR_ON_ABSOLUTE_INSTALL_DESTINATION=ON" "-DVCPKG_CXX_FLAGS=" "-DVCPKG_CXX_FLAGS_RELEASE=" "-DVCPKG_CXX_FLAGS_DEBUG=" "-DVCPKG_C_FLAGS=" "-DVCPKG_C_FLAGS_RELEASE=" "-DVCPKG_C_FLAGS_DEBUG=" "-DVCPKG_CRT_LINKAGE=dynamic" "-DVCPKG_LINKER_FLAGS=" "-DVCPKG_LINKER_FLAGS_RELEASE=" "-DVCPKG_LINKER_FLAGS_DEBUG=" "-DVCPKG_TARGET_ARCHITECTURE=x86" "-DCMAKE_INSTALL_LIBDIR:STRING=lib" "-DCMAKE_INSTALL_BINDIR:STRING=bin" "-D_VCPKG_ROOT_DIR=E:/vs2022/VC/vcpkg" "-D_VCPKG_INSTALLED_DIR=E:/Electro/Disunited-States-of-America/vcpkg_installed" "-DVCPKG_MANIFEST_INSTALL=OFF"
-- The CXX compiler identification is MSVC 19.36.32537.0
-- Detecting CXX compiler ABI info
-- Detecting CXX compiler ABI info - done
-- Check for working CXX compiler: E:/vs2022/VC/Tools/MSVC/14.36.32532/bin/Hostx64/x86/cl.exe - skipped
-- Detecting CXX compile features
-- Detecting CXX compile features - done
-- JsonCpp Version: 1.9.5
-- Looking for C++ include clocale
-- Looking for C++ include clocale - found
-- Looking for localeconv
-- Looking for localeconv - found
-- Looking for C++ include sys/types.h
-- Looking for C++ include sys/types.h - found
-- Looking for C++ include stdint.h
-- Looking for C++ include stdint.h - found
-- Looking for C++ include stddef.h
-- Looking for C++ include stddef.h - found
-- Check size of lconv
-- Check size of lconv - done
-- Performing Test HAVE_DECIMAL_POINT
-- Performing Test HAVE_DECIMAL_POINT - Success
-- Configuring done
-- Generating done
CMake Warning:
  Manually-specified variables were not used by the project:

    FETCHCONTENT_FULLY_DISCONNECTED
    _VCPKG_ROOT_DIR


-- Build files have been written to: E:/Electro/Disunited-States-of-America/vcpkg_installed/vcpkg/blds/jsoncpp/x86-windows-dbg
[2/2] "C:/Users/segfault/AppData/Local/vcpkg/downloads/tools/cmake-3.25.1-windows/cmake-3.25.1-windows-i386/bin/cmake.exe" -E chdir ".." "C:/Users/segfault/AppData/Local/vcpkg/downloads/tools/cmake-3.25.1-windows/cmake-3.25.1-windows-i386/bin/cmake.exe" "E:/Electro/Disunited-States-of-America/vcpkg_installed/vcpkg/blds/jsoncpp/src/1.9.5-13b47286ba.clean" "-G" "Ninja" "-DCMAKE_BUILD_TYPE=Release" "-DCMAKE_INSTALL_PREFIX=E:/Electro/Disunited-States-of-America/vcpkg_installed/vcpkg/pkgs/jsoncpp_x86-windows" "-DFETCHCONTENT_FULLY_DISCONNECTED=ON" "-DJSONCPP_WITH_CMAKE_PACKAGE=ON" "-DBUILD_STATIC_LIBS=0" "-DJSONCPP_STATIC_WINDOWS_RUNTIME=0" "-DJSONCPP_WITH_PKGCONFIG_SUPPORT=ON" "-DJSONCPP_WITH_POST_BUILD_UNITTEST=OFF" "-DJSONCPP_WITH_TESTS=OFF" "-DJSONCPP_WITH_EXAMPLE=OFF" "-DBUILD_OBJECT_LIBS=OFF" "-DCMAKE_MAKE_PROGRAM=E:/vs2022/Common7/IDE/CommonExtensions/Microsoft/CMake/Ninja/ninja.exe" "-DBUILD_SHARED_LIBS=ON" "-DVCPKG_CHAINLOAD_TOOLCHAIN_FILE=E:/vs2022/VC/vcpkg/scripts/toolchains/windows.cmake" "-DVCPKG_TARGET_TRIPLET=x86-windows" "-DVCPKG_SET_CHARSET_FLAG=ON" "-DVCPKG_PLATFORM_TOOLSET=v143" "-DCMAKE_EXPORT_NO_PACKAGE_REGISTRY=ON" "-DCMAKE_FIND_PACKAGE_NO_PACKAGE_REGISTRY=ON" "-DCMAKE_FIND_PACKAGE_NO_SYSTEM_PACKAGE_REGISTRY=ON" "-DCMAKE_INSTALL_SYSTEM_RUNTIME_LIBS_SKIP=TRUE" "-DCMAKE_VERBOSE_MAKEFILE=ON" "-DVCPKG_APPLOCAL_DEPS=OFF" "-DCMAKE_TOOLCHAIN_FILE=E:/vs2022/VC/vcpkg/scripts/buildsystems/vcpkg.cmake" "-DCMAKE_ERROR_ON_ABSOLUTE_INSTALL_DESTINATION=ON" "-DVCPKG_CXX_FLAGS=" "-DVCPKG_CXX_FLAGS_RELEASE=" "-DVCPKG_CXX_FLAGS_DEBUG=" "-DVCPKG_C_FLAGS=" "-DVCPKG_C_FLAGS_RELEASE=" "-DVCPKG_C_FLAGS_DEBUG=" "-DVCPKG_CRT_LINKAGE=dynamic" "-DVCPKG_LINKER_FLAGS=" "-DVCPKG_LINKER_FLAGS_RELEASE=" "-DVCPKG_LINKER_FLAGS_DEBUG=" "-DVCPKG_TARGET_ARCHITECTURE=x86" "-DCMAKE_INSTALL_LIBDIR:STRING=lib" "-DCMAKE_INSTALL_BINDIR:STRING=bin" "-D_VCPKG_ROOT_DIR=E:/vs2022/VC/vcpkg" "-D_VCPKG_INSTALLED_DIR=E:/Electro/Disunited-States-of-America/vcpkg_installed" "-DVCPKG_MANIFEST_INSTALL=OFF"
-- The CXX compiler identification is MSVC 19.36.32537.0
-- Detecting CXX compiler ABI info
-- Detecting CXX compiler ABI info - done
-- Check for working CXX compiler: E:/vs2022/VC/Tools/MSVC/14.36.32532/bin/Hostx64/x86/cl.exe - skipped
-- Detecting CXX compile features
-- Detecting CXX compile features - done
-- JsonCpp Version: 1.9.5
-- Looking for C++ include clocale
-- Looking for C++ include clocale - found
-- Looking for localeconv
-- Looking for localeconv - found
-- Looking for C++ include sys/types.h
-- Looking for C++ include sys/types.h - found
-- Looking for C++ include stdint.h
-- Looking for C++ include stdint.h - found
-- Looking for C++ include stddef.h
-- Looking for C++ include stddef.h - found
-- Check size of lconv
-- Check size of lconv - done
-- Performing Test HAVE_DECIMAL_POINT
-- Performing Test HAVE_DECIMAL_POINT - Success
-- Configuring done
-- Generating done
CMake Warning:
  Manually-specified variables were not used by the project:

    FETCHCONTENT_FULLY_DISCONNECTED
    _VCPKG_ROOT_DIR


-- Build files have been written to: E:/Electro/Disunited-States-of-America/vcpkg_installed/vcpkg/blds/jsoncpp/x86-windows-rel
