[1/5] E:\vs2022\VC\Tools\MSVC\14.36.32532\bin\Hostx64\x86\cl.exe   /TP -DJSON_DLL_BUILD -Djsoncpp_lib_EXPORTS -IE:\Electro\Disunited-States-of-America\vcpkg_installed\vcpkg\blds\jsoncpp\src\1.9.5-13b47286ba.clean\include -IE:\Electro\Disunited-States-of-America\vcpkg_installed\vcpkg\blds\jsoncpp\src\1.9.5-13b47286ba.clean\src\lib_json\..\..\include -IE:\Electro\Disunited-States-of-America\vcpkg_installed\vcpkg\blds\jsoncpp\x86-windows-rel\include\json /nologo /DWIN32 /D_WINDOWS /W3 /utf-8 /GR /EHsc /MP  /MD /O2 /Oi /Gy /DNDEBUG /Z7  -MD /showIncludes /Fosrc\lib_json\CMakeFiles\jsoncpp_lib.dir\json_writer.cpp.obj /Fdsrc\lib_json\CMakeFiles\jsoncpp_lib.dir\ /FS -c E:\Electro\Disunited-States-of-America\vcpkg_installed\vcpkg\blds\jsoncpp\src\1.9.5-13b47286ba.clean\src\lib_json\json_writer.cpp
[2/5] E:\vs2022\VC\Tools\MSVC\14.36.32532\bin\Hostx64\x86\cl.exe   /TP -DJSON_DLL_BUILD -Djsoncpp_lib_EXPORTS -IE:\Electro\Disunited-States-of-America\vcpkg_installed\vcpkg\blds\jsoncpp\src\1.9.5-13b47286ba.clean\include -IE:\Electro\Disunited-States-of-America\vcpkg_installed\vcpkg\blds\jsoncpp\src\1.9.5-13b47286ba.clean\src\lib_json\..\..\include -IE:\Electro\Disunited-States-of-America\vcpkg_installed\vcpkg\blds\jsoncpp\x86-windows-rel\include\json /nologo /DWIN32 /D_WINDOWS /W3 /utf-8 /GR /EHsc /MP  /MD /O2 /Oi /Gy /DNDEBUG /Z7  -MD /showIncludes /Fosrc\lib_json\CMakeFiles\jsoncpp_lib.dir\json_reader.cpp.obj /Fdsrc\lib_json\CMakeFiles\jsoncpp_lib.dir\ /FS -c E:\Electro\Disunited-States-of-America\vcpkg_installed\vcpkg\blds\jsoncpp\src\1.9.5-13b47286ba.clean\src\lib_json\json_reader.cpp
[3/5] E:\vs2022\VC\Tools\MSVC\14.36.32532\bin\Hostx64\x86\cl.exe   /TP -DJSON_DLL_BUILD -Djsoncpp_lib_EXPORTS -IE:\Electro\Disunited-States-of-America\vcpkg_installed\vcpkg\blds\jsoncpp\src\1.9.5-13b47286ba.clean\include -IE:\Electro\Disunited-States-of-America\vcpkg_installed\vcpkg\blds\jsoncpp\src\1.9.5-13b47286ba.clean\src\lib_json\..\..\include -IE:\Electro\Disunited-States-of-America\vcpkg_installed\vcpkg\blds\jsoncpp\x86-windows-rel\include\json /nologo /DWIN32 /D_WINDOWS /W3 /utf-8 /GR /EHsc /MP  /MD /O2 /Oi /Gy /DNDEBUG /Z7  -MD /showIncludes /Fosrc\lib_json\CMakeFiles\jsoncpp_lib.dir\json_value.cpp.obj /Fdsrc\lib_json\CMakeFiles\jsoncpp_lib.dir\ /FS -c E:\Electro\Disunited-States-of-America\vcpkg_installed\vcpkg\blds\jsoncpp\src\1.9.5-13b47286ba.clean\src\lib_json\json_value.cpp
[4/5] cmd.exe /C "cd . && C:\Users\segfault\AppData\Local\vcpkg\downloads\tools\cmake-3.25.1-windows\cmake-3.25.1-windows-i386\bin\cmake.exe -E vs_link_dll --intdir=src\lib_json\CMakeFiles\jsoncpp_lib.dir --rc=C:\PROGRA~2\WI3CF2~1\10\bin\100220~1.0\x64\rc.exe --mt=C:\PROGRA~2\WI3CF2~1\10\bin\100220~1.0\x64\mt.exe --manifests  -- E:\vs2022\VC\Tools\MSVC\14.36.32532\bin\Hostx64\x86\link.exe  src\lib_json\CMakeFiles\jsoncpp_lib.dir\json_reader.cpp.obj src\lib_json\CMakeFiles\jsoncpp_lib.dir\json_value.cpp.obj src\lib_json\CMakeFiles\jsoncpp_lib.dir\json_writer.cpp.obj  /out:bin\jsoncpp.dll /implib:lib\jsoncpp.lib /pdb:bin\jsoncpp.pdb /dll /version:1.9 /machine:X86 /-- Install configuration: "Release"
-- Installing: E:/Electro/Disunited-States-of-America/vcpkg_installed/vcpkg/pkgs/jsoncpp_x86-windows/lib/pkgconfig/jsoncpp.pc
-- Installing: E:/Electro/Disunited-States-of-America/vcpkg_installed/vcpkg/pkgs/jsoncpp_x86-windows/lib/cmake/jsoncpp/jsoncpp-targets.cmake
-- Installing: E:/Electro/Disunited-States-of-America/vcpkg_installed/vcpkg/pkgs/jsoncpp_x86-windows/lib/cmake/jsoncpp/jsoncpp-targets-release.cmake
-- Installing: E:/Electro/Disunited-States-of-America/vcpkg_installed/vcpkg/pkgs/jsoncpp_x86-windows/lib/cmake/jsoncpp/jsoncppConfigVersion.cmake
-- Installing: E:/Electro/Disunited-States-of-America/vcpkg_installed/vcpkg/pkgs/jsoncpp_x86-windows/lib/cmake/jsoncpp/jsoncppConfig.cmake
-- Installing: E:/Electro/Disunited-States-of-America/vcpkg_installed/vcpkg/pkgs/jsoncpp_x86-windows/lib/cmake/jsoncpp/jsoncpp-namespaced-targets.cmake
-- Installing: E:/Electro/Disunited-States-of-America/vcpkg_installed/vcpkg/pkgs/jsoncpp_x86-windows/lib/jsoncpp.lib
-- Installing: E:/Electro/Disunited-States-of-America/vcpkg_installed/vcpkg/pkgs/jsoncpp_x86-windows/bin/jsoncpp.dll
-- Installing: E:/Electro/Disunited-States-of-America/vcpkg_installed/vcpkg/pkgs/jsoncpp_x86-windows/include/json/allocator.h
-- Installing: E:/Electro/Disunited-States-of-America/vcpkg_installed/vcpkg/pkgs/jsoncpp_x86-windows/include/json/assertions.h
-- Installing: E:/Electro/Disunited-States-of-America/vcpkg_installed/vcpkg/pkgs/jsoncpp_x86-windows/include/json/config.h
-- Installing: E:/Electro/Disunited-States-of-America/vcpkg_installed/vcpkg/pkgs/jsoncpp_x86-windows/include/json/forwards.h
-- Installing: E:/Electro/Disunited-States-of-America/vcpkg_installed/vcpkg/pkgs/jsoncpp_x86-windows/include/json/json.h
-- Installing: E:/Electro/Disunited-States-of-America/vcpkg_installed/vcpkg/pkgs/jsoncpp_x86-windows/include/json/json_features.h
-- Installing: E:/Electro/Disunited-States-of-America/vcpkg_installed/vcpkg/pkgs/jsoncpp_x86-windows/include/json/reader.h
-- Installing: E:/Electro/Disunited-States-of-America/vcpkg_installed/vcpkg/pkgs/jsoncpp_x86-windows/include/json/value.h
-- Installing: E:/Electro/Disunited-States-of-America/vcpkg_installed/vcpkg/pkgs/jsoncpp_x86-windows/include/json/version.h
-- Installing: E:/Electro/Disunited-States-of-America/vcpkg_installed/vcpkg/pkgs/jsoncpp_x86-windows/include/json/writer.h
nologo /DEBUG /INCREMENTAL:NO /OPT:REF /OPT:ICF  kernel32.lib user32.lib gdi32.lib winspool.lib shell32.lib ole32.lib oleaut32.lib uuid.lib comdlg32.lib advapi32.lib  && cd ."
[4/5] cmd.exe /C "cd /D E:\Electro\Disunited-States-of-America\vcpkg_installed\vcpkg\blds\jsoncpp\x86-windows-rel && C:\Users\segfault\AppData\Local\vcpkg\downloads\tools\cmake-3.25.1-windows\cmake-3.25.1-windows-i386\bin\cmake.exe -P cmake_install.cmake"
