-- Using cached open-source-parsers-jsoncpp-1.9.5.tar.gz.
-- Cleaning sources at E:/Electro/Disunited-States-of-America/vcpkg_installed/vcpkg/blds/jsoncpp/src/1.9.5-13b47286ba.clean. Use --editable to skip cleaning for the packages you specify.
-- Extracting source C:/Users/segfault/AppData/Local/vcpkg/downloads/open-source-parsers-jsoncpp-1.9.5.tar.gz
-- Using source at E:/Electro/Disunited-States-of-America/vcpkg_installed/vcpkg/blds/jsoncpp/src/1.9.5-13b47286ba.clean
-- Found external ninja('1.11.0').
-- Configuring x86-windows
-- Building x86-windows-dbg
-- Building x86-windows-rel
-- Fixing pkgconfig file: E:/Electro/Disunited-States-of-America/vcpkg_installed/vcpkg/pkgs/jsoncpp_x86-windows/lib/pkgconfig/jsoncpp.pc
-- Using cached msys-mingw-w64-i686-pkg-config-0.29.2-3-any.pkg.tar.zst.
-- Downloading https://repo.msys2.org/mingw/i686/mingw-w64-i686-libwinpthread-git-9.0.0.6373.5be8fcd83-1-any.pkg.tar.zst;https://www2.futureware.at/~nickoe/msys2-mirror/mingw/i686/mingw-w64-i686-libwinpthread-git-9.0.0.6373.5be8fcd83-1-any.pkg.tar.zst;https://mirror.yandex.ru/mirrors/msys2/mingw/i686/mingw-w64-i686-libwinpthread-git-9.0.0.6373.5be8fcd83-1-any.pkg.tar.zst;https://mirrors.tuna.tsinghua.edu.cn/msys2/mingw/i686/mingw-w64-i686-libwinpthread-git-9.0.0.6373.5be8fcd83-1-any.pkg.tar.zst;https://mirrors.ustc.edu.cn/msys2/mingw/i686/mingw-w64-i686-libwinpthread-git-9.0.0.6373.5be8fcd83-1-any.pkg.tar.zst;https://mirror.bit.edu.cn/msys2/mingw/i686/mingw-w64-i686-libwinpthread-git-9.0.0.6373.5be8fcd83-1-any.pkg.tar.zst;https://mirror.selfnet.de/msys2/mingw/i686/mingw-w64-i686-libwinpthread-git-9.0.0.6373.5be8fcd83-1-any.pkg.tar.zst;https://mirrors.sjtug.sjtu.edu.cn/msys2/mingw/i686/mingw-w64-i686-libwinpthread-git-9.0.0.6373.5be8fcd83-1-any.pkg.tar.zst -> msys-mingw-w64-i686-libwinpthread-git-9.0.0.6373.5be8fcd83-1-any.pkg.tar.zst...
[DEBUG] To include the environment variables in debug output, pass --debug-env
[DEBUG] Trying to load bundleconfig from E:\vs2022\VC\vcpkg\vcpkg-bundle.json
[DEBUG] Bundle config: readonly=true, usegitregistry=true, embeddedsha=84df5613f71eda8a73ab08dc3041f3af7103a5b2, deployment=VisualStudio, vsversion=17.0
[DEBUG] VS telemetry opted in at SOFTWARE\Microsoft\VSCommon\17.0\SQM\\OptIn
[DEBUG] Metrics enabled.
[DEBUG] Feature flag 'binarycaching' unset
[DEBUG] Feature flag 'compilertracking' unset
[DEBUG] Feature flag 'registries' unset
[DEBUG] Feature flag 'versions' unset
Downloading https://repo.msys2.org/mingw/i686/mingw-w64-i686-libwinpthread-git-9.0.0.6373.5be8fcd83-1-any.pkg.tar.zst
Downloading https://www2.futureware.at/~nickoe/msys2-mirror/mingw/i686/mingw-w64-i686-libwinpthread-git-9.0.0.6373.5be8fcd83-1-any.pkg.tar.zst
Downloading https://mirror.yandex.ru/mirrors/msys2/mingw/i686/mingw-w64-i686-libwinpthread-git-9.0.0.6373.5be8fcd83-1-any.pkg.tar.zst
Downloading https://mirrors.tuna.tsinghua.edu.cn/msys2/mingw/i686/mingw-w64-i686-libwinpthread-git-9.0.0.6373.5be8fcd83-1-any.pkg.tar.zst
Downloading https://mirrors.ustc.edu.cn/msys2/mingw/i686/mingw-w64-i686-libwinpthread-git-9.0.0.6373.5be8fcd83-1-any.pkg.tar.zst
Downloading https://mirror.bit.edu.cn/msys2/mingw/i686/mingw-w64-i686-libwinpthread-git-9.0.0.6373.5be8fcd83-1-any.pkg.tar.zst
warning: Download failed -- retrying after 1000ms
warning: Download failed -- retrying after 2000ms
warning: Download failed -- retrying after 4000ms
Downloading https://mirror.selfnet.de/msys2/mingw/i686/mingw-w64-i686-libwinpthread-git-9.0.0.6373.5be8fcd83-1-any.pkg.tar.zst
Downloading https://mirrors.sjtug.sjtu.edu.cn/msys2/mingw/i686/mingw-w64-i686-libwinpthread-git-9.0.0.6373.5be8fcd83-1-any.pkg.tar.zst
error: Failed to download from mirror set
error: https://repo.msys2.org/mingw/i686/mingw-w64-i686-libwinpthread-git-9.0.0.6373.5be8fcd83-1-any.pkg.tar.zst: failed: status code 404
error: https://www2.futureware.at/~nickoe/msys2-mirror/mingw/i686/mingw-w64-i686-libwinpthread-git-9.0.0.6373.5be8fcd83-1-any.pkg.tar.zst: failed: status code 404
error: https://mirror.yandex.ru/mirrors/msys2/mingw/i686/mingw-w64-i686-libwinpthread-git-9.0.0.6373.5be8fcd83-1-any.pkg.tar.zst: failed: status code 404
error: https://mirrors.tuna.tsinghua.edu.cn/msys2/mingw/i686/mingw-w64-i686-libwinpthread-git-9.0.0.6373.5be8fcd83-1-any.pkg.tar.zst: failed: status code 404
error: https://mirrors.ustc.edu.cn/msys2/mingw/i686/mingw-w64-i686-libwinpthread-git-9.0.0.6373.5be8fcd83-1-any.pkg.tar.zst: failed: status code 404
error: https://mirror.bit.edu.cn/msys2/mingw/i686/mingw-w64-i686-libwinpthread-git-9.0.0.6373.5be8fcd83-1-any.pkg.tar.zst: WinHttpSendRequest failed with exit code 12007
error: https://mirror.bit.edu.cn/msys2/mingw/i686/mingw-w64-i686-libwinpthread-git-9.0.0.6373.5be8fcd83-1-any.pkg.tar.zst: WinHttpSendRequest failed with exit code 12007
error: https://mirror.bit.edu.cn/msys2/mingw/i686/mingw-w64-i686-libwinpthread-git-9.0.0.6373.5be8fcd83-1-any.pkg.tar.zst: WinHttpSendRequest failed with exit code 12007
error: https://mirror.bit.edu.cn/msys2/mingw/i686/mingw-w64-i686-libwinpthread-git-9.0.0.6373.5be8fcd83-1-any.pkg.tar.zst: WinHttpSendRequest failed with exit code 12007
error: https://mirror.selfnet.de/msys2/mingw/i686/mingw-w64-i686-libwinpthread-git-9.0.0.6373.5be8fcd83-1-any.pkg.tar.zst: failed: status code 404
error: https://mirrors.sjtug.sjtu.edu.cn/msys2/mingw/i686/mingw-w64-i686-libwinpthread-git-9.0.0.6373.5be8fcd83-1-any.pkg.tar.zst: failed: status code 404
[DEBUG] D:\a\_work\1\s\src\vcpkg\base\downloads.cpp(961): 
[DEBUG] Time in subprocesses: 0us
[DEBUG] Time in parsing JSON: 14us
[DEBUG] Time in JSON reader: 0us
[DEBUG] Time in filesystem: 5816us
[DEBUG] Time in loading ports: 0us
[DEBUG] Exiting after 15 s (14583840us)

CMake Error at scripts/cmake/vcpkg_download_distfile.cmake:32 (message):
      
      Failed to download file with error: 1
      If you are using a proxy, please check your proxy setting. Possible causes are:
      
      1. You are actually using an HTTP proxy, but setting HTTPS_PROXY variable
         to `https://address:port`. This is not correct, because `https://` prefix
         claims the proxy is an HTTPS proxy, while your proxy (v2ray, shadowsocksr
         , etc..) is an HTTP proxy. Try setting `http://address:port` to both
         HTTP_PROXY and HTTPS_PROXY instead.
      
      2. If you are using Windows, vcpkg will automatically use your Windows IE Proxy Settings
         set by your proxy software. See https://github.com/microsoft/vcpkg-tool/pull/77
         The value set by your proxy might be wrong, or have same `https://` prefix issue.
      
      3. Your proxy's remote server is out of service.
      
      If you've tried directly download the link, and believe this is not a temporary
      download server failure, please submit an issue at https://github.com/Microsoft/vcpkg/issues
      to report this upstream download server failure.
      

Call Stack (most recent call first):
  scripts/cmake/vcpkg_download_distfile.cmake:270 (z_vcpkg_download_distfile_show_proxy_and_fail)
  scripts/cmake/vcpkg_acquire_msys.cmake:26 (vcpkg_download_distfile)
  scripts/cmake/vcpkg_acquire_msys.cmake:124 (z_vcpkg_acquire_msys_download_package)
  scripts/cmake/vcpkg_find_acquire_program.cmake:533 (vcpkg_acquire_msys)
  scripts/cmake/vcpkg_fixup_pkgconfig.cmake:203 (vcpkg_find_acquire_program)
  C:/Users/segfault/AppData/Local/vcpkg/registries/git-trees/203c873c5425a71cb8a0d0ada6e5263a3bd13ff4/portfile.cmake:32 (vcpkg_fixup_pkgconfig)
  scripts/ports.cmake:147 (include)


