[33;1mVERBOSE: Resolving base path E:/Electro/Disunited-States-of-America/vcpkg_installed/vcpkg/pkgs/brotli_x86-windows/tools/brotli/brotlidec.dll...[0m
[33;1mVERBOSE: Resolving E:/Electro/Disunited-States-of-America/vcpkg_installed/vcpkg/pkgs/brotli_x86-windows/tools/brotli/brotlidec.dll...[0m
[33;1mVERBOSE:   brotlicommon.dll: brotlicommon.dll not found in E:\Electro\Disunited-States-of-America\vcpkg_installed\x86-windows; locally deployed[0m
[33;1mVERBOSE: Resolving E:\Electro\Disunited-States-of-America\vcpkg_installed\vcpkg\pkgs\brotli_x86-windows\tools\brotli\brotlicommon.dll...[0m
[33;1mVERBOSE:   VCRUNTIME140.dll: E:\Electro\Disunited-States-of-America\vcpkg_installed\x86-windows\bin\VCRUNTIME140.dll not found[0m
[33;1mVERBOSE:   api-ms-win-crt-heap-l1-1-0.dll: E:\Electro\Disunited-States-of-America\vcpkg_installed\x86-windows\bin\api-ms-win-crt-heap-l1-1-0.dll not found[0m
[33;1mVERBOSE:   api-ms-win-crt-runtime-l1-1-0.dll: E:\Electro\Disunited-States-of-America\vcpkg_installed\x86-windows\bin\api-ms-win-crt-runtime-l1-1-0.dll not found[0m
[33;1mVERBOSE:   KERNEL32.dll: E:\Electro\Disunited-States-of-America\vcpkg_installed\x86-windows\bin\KERNEL32.dll not found[0m
[33;1mVERBOSE: Done Resolving E:\Electro\Disunited-States-of-America\vcpkg_installed\vcpkg\pkgs\brotli_x86-windows\tools\brotli\brotlicommon.dll.[0m
[33;1mVERBOSE:   VCRUNTIME140.dll: previously searched - Skip[0m
[33;1mVERBOSE:   api-ms-win-crt-heap-l1-1-0.dll: previously searched - Skip[0m
[33;1mVERBOSE:   api-ms-win-crt-runtime-l1-1-0.dll: previously searched - Skip[0m
[33;1mVERBOSE:   KERNEL32.dll: previously searched - Skip[0m
[33;1mVERBOSE: Done Resolving E:/Electro/Disunited-States-of-America/vcpkg_installed/vcpkg/pkgs/brotli_x86-windows/tools/brotli/brotlidec.dll.[0m
[33;1mVERBOSE: 
Name                           Value
----                           -----
api-ms-win-crt-runtime-l1-1-0… True
brotlicommon.dll               True
api-ms-win-crt-heap-l1-1-0.dll True
VCRUNTIME140.dll               True
KERNEL32.dll                   True

[0m
