[1/2] "C:/Users/segfault/AppData/Local/vcpkg/downloads/tools/cmake-3.27.1-windows/cmake-3.27.1-windows-i386/bin/cmake.exe" -E chdir ".." "C:/Users/segfault/AppData/Local/vcpkg/downloads/tools/cmake-3.27.1-windows/cmake-3.27.1-windows-i386/bin/cmake.exe" "E:/Electro/Disunited-States-of-America/vcpkg_installed/vcpkg/blds/sfml/src/2.6.1-f39277683b.clean" "-G" "Ninja" "-DCMAKE_BUILD_TYPE=Release" "-DCMAKE_INSTALL_PREFIX=E:/Electro/Disunited-States-of-America/vcpkg_installed/vcpkg/pkgs/sfml_x86-windows" "-DFETCHCONTENT_FULLY_DISCONNECTED=ON" "-DSFML_BUILD_FRAMEWORKS=OFF" "-DSFML_USE_SYSTEM_DEPS=ON" "-DSFML_MISC_INSTALL_PREFIX=share/sfml" "-DSFML_GENERATE_PDB=OFF" "-DSFML_WARNINGS_AS_ERRORS=OFF" "-DCMAKE_MAKE_PROGRAM=E:/vs2022/Common7/IDE/CommonExtensions/Microsoft/CMake/Ninja/ninja.exe" "-DBUILD_SHARED_LIBS=ON" "-DVCPKG_CHAINLOAD_TOOLCHAIN_FILE=E:/Electro/Disunited-States-of-America/tmp/vcpkg/scripts/toolchains/windows.cmake" "-DVCPKG_TARGET_TRIPLET=x86-windows" "-DVCPKG_SET_CHARSET_FLAG=ON" "-DVCPKG_PLATFORM_TOOLSET=v143" "-DCMAKE_EXPORT_NO_PACKAGE_REGISTRY=ON" "-DCMAKE_FIND_PACKAGE_NO_PACKAGE_REGISTRY=ON" "-DCMAKE_FIND_PACKAGE_NO_SYSTEM_PACKAGE_REGISTRY=ON" "-DCMAKE_INSTALL_SYSTEM_RUNTIME_LIBS_SKIP=TRUE" "-DCMAKE_VERBOSE_MAKEFILE=ON" "-DVCPKG_APPLOCAL_DEPS=OFF" "-DCMAKE_TOOLCHAIN_FILE=E:/Electro/Disunited-States-of-America/tmp/vcpkg/scripts/buildsystems/vcpkg.cmake" "-DCMAKE_ERROR_ON_ABSOLUTE_INSTALL_DESTINATION=ON" "-DVCPKG_CXX_FLAGS=" "-DVCPKG_CXX_FLAGS_RELEASE=" "-DVCPKG_CXX_FLAGS_DEBUG=" "-DVCPKG_C_FLAGS=" "-DVCPKG_C_FLAGS_RELEASE=" "-DVCPKG_C_FLAGS_DEBUG=" "-DVCPKG_CRT_LINKAGE=dynamic" "-DVCPKG_LINKER_FLAGS=" "-DVCPKG_LINKER_FLAGS_RELEASE=" "-DVCPKG_LINKER_FLAGS_DEBUG=" "-DVCPKG_TARGET_ARCHITECTURE=x86" "-DCMAKE_INSTALL_LIBDIR:STRING=lib" "-DCMAKE_INSTALL_BINDIR:STRING=bin" "-D_VCPKG_ROOT_DIR=E:/Electro/Disunited-States-of-America/tmp/vcpkg" "-D_VCPKG_INSTALLED_DIR=E:/Electro/Disunited-States-of-America/vcpkg_installed" "-DVCPKG_MANIFEST_INSTALL=OFF"
-- The C compiler identification is MSVC 19.36.32537.0
-- The CXX compiler identification is MSVC 19.36.32537.0
-- Detecting C compiler ABI info
-- Detecting C compiler ABI info - done
-- Check for working C compiler: E:/vs2022/VC/Tools/MSVC/14.36.32532/bin/Hostx64/x86/cl.exe - skipped
-- Detecting C compile features
-- Detecting C compile features - done
-- Detecting CXX compiler ABI info
-- Detecting CXX compiler ABI info - done
-- Check for working CXX compiler: E:/vs2022/VC/Tools/MSVC/14.36.32532/bin/Hostx64/x86/cl.exe - skipped
-- Detecting CXX compile features
-- Detecting CXX compile features - done
-- Looking for sys/types.h
-- Looking for sys/types.h - found
-- Looking for stdint.h
-- Looking for stdint.h - found
-- Looking for stddef.h
-- Looking for stddef.h - found
-- Check size of void*
-- Check size of void* - done
-- Found OpenGL: opengl32   
-- Found ZLIB: optimized;E:/Electro/Disunited-States-of-America/vcpkg_installed/x86-windows/lib/zlib.lib;debug;E:/Electro/Disunited-States-of-America/vcpkg_installed/x86-windows/debug/lib/zlibd.lib (found version "1.3.1")  
-- Found OpenAL: E:/Electro/Disunited-States-of-America/vcpkg_installed/x86-windows/lib/OpenAL32.lib  
-- Found VORBIS: E:/Electro/Disunited-States-of-America/vcpkg_installed/x86-windows/lib/vorbisenc.lib;E:/Electro/Disunited-States-of-America/vcpkg_installed/x86-windows/lib/vorbisfile.lib;E:/Electro/Disunited-States-of-America/vcpkg_installed/x86-windows/lib/vorbis.lib;E:/Electro/Disunited-States-of-America/vcpkg_installed/x86-windows/lib/ogg.lib  
-- Found FLAC: E:/Electro/Disunited-States-of-America/vcpkg_installed/x86-windows/lib/FLAC.lib  
-- Configuring done (6.5s)
-- Generating done (0.1s)
CMake Warning:
  Manually-specified variables were not used by the project:

    FETCHCONTENT_FULLY_DISCONNECTED
    SFML_MISC_INSTALL_PREFIX
    SFML_WARNINGS_AS_ERRORS
    _VCPKG_ROOT_DIR


-- Build files have been written to: E:/Electro/Disunited-States-of-America/vcpkg_installed/vcpkg/blds/sfml/x86-windows-rel
[2/2] "C:/Users/segfault/AppData/Local/vcpkg/downloads/tools/cmake-3.27.1-windows/cmake-3.27.1-windows-i386/bin/cmake.exe" -E chdir "../../x86-windows-dbg" "C:/Users/segfault/AppData/Local/vcpkg/downloads/tools/cmake-3.27.1-windows/cmake-3.27.1-windows-i386/bin/cmake.exe" "E:/Electro/Disunited-States-of-America/vcpkg_installed/vcpkg/blds/sfml/src/2.6.1-f39277683b.clean" "-G" "Ninja" "-DCMAKE_BUILD_TYPE=Debug" "-DCMAKE_INSTALL_PREFIX=E:/Electro/Disunited-States-of-America/vcpkg_installed/vcpkg/pkgs/sfml_x86-windows/debug" "-DFETCHCONTENT_FULLY_DISCONNECTED=ON" "-DSFML_BUILD_FRAMEWORKS=OFF" "-DSFML_USE_SYSTEM_DEPS=ON" "-DSFML_MISC_INSTALL_PREFIX=share/sfml" "-DSFML_GENERATE_PDB=OFF" "-DSFML_WARNINGS_AS_ERRORS=OFF" "-DCMAKE_MAKE_PROGRAM=E:/vs2022/Common7/IDE/CommonExtensions/Microsoft/CMake/Ninja/ninja.exe" "-DBUILD_SHARED_LIBS=ON" "-DVCPKG_CHAINLOAD_TOOLCHAIN_FILE=E:/Electro/Disunited-States-of-America/tmp/vcpkg/scripts/toolchains/windows.cmake" "-DVCPKG_TARGET_TRIPLET=x86-windows" "-DVCPKG_SET_CHARSET_FLAG=ON" "-DVCPKG_PLATFORM_TOOLSET=v143" "-DCMAKE_EXPORT_NO_PACKAGE_REGISTRY=ON" "-DCMAKE_FIND_PACKAGE_NO_PACKAGE_REGISTRY=ON" "-DCMAKE_FIND_PACKAGE_NO_SYSTEM_PACKAGE_REGISTRY=ON" "-DCMAKE_INSTALL_SYSTEM_RUNTIME_LIBS_SKIP=TRUE" "-DCMAKE_VERBOSE_MAKEFILE=ON" "-DVCPKG_APPLOCAL_DEPS=OFF" "-DCMAKE_TOOLCHAIN_FILE=E:/Electro/Disunited-States-of-America/tmp/vcpkg/scripts/buildsystems/vcpkg.cmake" "-DCMAKE_ERROR_ON_ABSOLUTE_INSTALL_DESTINATION=ON" "-DVCPKG_CXX_FLAGS=" "-DVCPKG_CXX_FLAGS_RELEASE=" "-DVCPKG_CXX_FLAGS_DEBUG=" "-DVCPKG_C_FLAGS=" "-DVCPKG_C_FLAGS_RELEASE=" "-DVCPKG_C_FLAGS_DEBUG=" "-DVCPKG_CRT_LINKAGE=dynamic" "-DVCPKG_LINKER_FLAGS=" "-DVCPKG_LINKER_FLAGS_RELEASE=" "-DVCPKG_LINKER_FLAGS_DEBUG=" "-DVCPKG_TARGET_ARCHITECTURE=x86" "-DCMAKE_INSTALL_LIBDIR:STRING=lib" "-DCMAKE_INSTALL_BINDIR:STRING=bin" "-D_VCPKG_ROOT_DIR=E:/Electro/Disunited-States-of-America/tmp/vcpkg" "-D_VCPKG_INSTALLED_DIR=E:/Electro/Disunited-States-of-America/vcpkg_installed" "-DVCPKG_MANIFEST_INSTALL=OFF"
-- The C compiler identification is MSVC 19.36.32537.0
-- The CXX compiler identification is MSVC 19.36.32537.0
-- Detecting C compiler ABI info
-- Detecting C compiler ABI info - done
-- Check for working C compiler: E:/vs2022/VC/Tools/MSVC/14.36.32532/bin/Hostx64/x86/cl.exe - skipped
-- Detecting C compile features
-- Detecting C compile features - done
-- Detecting CXX compiler ABI info
-- Detecting CXX compiler ABI info - done
-- Check for working CXX compiler: E:/vs2022/VC/Tools/MSVC/14.36.32532/bin/Hostx64/x86/cl.exe - skipped
-- Detecting CXX compile features
-- Detecting CXX compile features - done
-- Looking for sys/types.h
-- Looking for sys/types.h - found
-- Looking for stdint.h
-- Looking for stdint.h - found
-- Looking for stddef.h
-- Looking for stddef.h - found
-- Check size of void*
-- Check size of void* - done
-- Found OpenGL: opengl32   
-- Found ZLIB: optimized;E:/Electro/Disunited-States-of-America/vcpkg_installed/x86-windows/lib/zlib.lib;debug;E:/Electro/Disunited-States-of-America/vcpkg_installed/x86-windows/debug/lib/zlibd.lib (found version "1.3.1")  
-- Found OpenAL: E:/Electro/Disunited-States-of-America/vcpkg_installed/x86-windows/debug/lib/OpenAL32.lib  
-- Found VORBIS: E:/Electro/Disunited-States-of-America/vcpkg_installed/x86-windows/debug/lib/vorbisenc.lib;E:/Electro/Disunited-States-of-America/vcpkg_installed/x86-windows/debug/lib/vorbisfile.lib;E:/Electro/Disunited-States-of-America/vcpkg_installed/x86-windows/debug/lib/vorbis.lib;E:/Electro/Disunited-States-of-America/vcpkg_installed/x86-windows/debug/lib/ogg.lib  
-- Found FLAC: E:/Electro/Disunited-States-of-America/vcpkg_installed/x86-windows/debug/lib/FLAC.lib  
-- Configuring done (6.5s)
-- Generating done (0.1s)
CMake Warning:
  Manually-specified variables were not used by the project:

    FETCHCONTENT_FULLY_DISCONNECTED
    SFML_MISC_INSTALL_PREFIX
    SFML_WARNINGS_AS_ERRORS
    _VCPKG_ROOT_DIR


-- Build files have been written to: E:/Electro/Disunited-States-of-America/vcpkg_installed/vcpkg/blds/sfml/x86-windows-dbg
