cmake -E tar: warning: skipping symbolic link "SFML-2.6.1/extlibs/libs-osx/Frameworks/FLAC.framework/FLAC" -> "Versions/Current/FLAC".
cmake -E tar: warning: skipping symbolic link "SFML-2.6.1/extlibs/libs-osx/Frameworks/FLAC.framework/Resources" -> "Versions/Current/Resources".
cmake -E tar: warning: skipping symbolic link "SFML-2.6.1/extlibs/libs-osx/Frameworks/FLAC.framework/Versions/Current" -> "A".
cmake -E tar: warning: skipping symbolic link "SFML-2.6.1/extlibs/libs-osx/Frameworks/OpenAL.framework/OpenAL" -> "Versions/Current/OpenAL".
cmake -E tar: warning: skipping symbolic link "SFML-2.6.1/extlibs/libs-osx/Frameworks/OpenAL.framework/Resources" -> "Versions/Current/Resources".
cmake -E tar: warning: skipping symbolic link "SFML-2.6.1/extlibs/libs-osx/Frameworks/OpenAL.framework/Versions/Current" -> "A".
cmake -E tar: warning: skipping symbolic link "SFML-2.6.1/extlibs/libs-osx/Frameworks/freetype.framework/Resources" -> "Versions/Current/Resources".
cmake -E tar: warning: skipping symbolic link "SFML-2.6.1/extlibs/libs-osx/Frameworks/freetype.framework/Versions/Current" -> "A".
cmake -E tar: warning: skipping symbolic link "SFML-2.6.1/extlibs/libs-osx/Frameworks/freetype.framework/freetype" -> "Versions/Current/freetype".
cmake -E tar: warning: skipping symbolic link "SFML-2.6.1/extlibs/libs-osx/Frameworks/ogg.framework/Resources" -> "Versions/Current/Resources".
cmake -E tar: warning: skipping symbolic link "SFML-2.6.1/extlibs/libs-osx/Frameworks/ogg.framework/Versions/Current" -> "A".
cmake -E tar: warning: skipping symbolic link "SFML-2.6.1/extlibs/libs-osx/Frameworks/ogg.framework/ogg" -> "Versions/Current/ogg".
cmake -E tar: warning: skipping symbolic link "SFML-2.6.1/extlibs/libs-osx/Frameworks/vorbis.framework/Resources" -> "Versions/Current/Resources".
cmake -E tar: warning: skipping symbolic link "SFML-2.6.1/extlibs/libs-osx/Frameworks/vorbis.framework/Versions/Current" -> "A".
cmake -E tar: warning: skipping symbolic link "SFML-2.6.1/extlibs/libs-osx/Frameworks/vorbis.framework/vorbis" -> "Versions/Current/vorbis".
cmake -E tar: warning: skipping symbolic link "SFML-2.6.1/extlibs/libs-osx/Frameworks/vorbisenc.framework/Resources" -> "Versions/Current/Resources".
cmake -E tar: warning: skipping symbolic link "SFML-2.6.1/extlibs/libs-osx/Frameworks/vorbisenc.framework/Versions/Current" -> "A".
cmake -E tar: warning: skipping symbolic link "SFML-2.6.1/extlibs/libs-osx/Frameworks/vorbisenc.framework/vorbisenc" -> "Versions/Current/vorbisenc".
cmake -E tar: warning: skipping symbolic link "SFML-2.6.1/extlibs/libs-osx/Frameworks/vorbisfile.framework/Resources" -> "Versions/Current/Resources".
cmake -E tar: warning: skipping symbolic link "SFML-2.6.1/extlibs/libs-osx/Frameworks/vorbisfile.framework/Versions/Current" -> "A".
cmake -E tar: warning: skipping symbolic link "SFML-2.6.1/extlibs/libs-osx/Frameworks/vorbisfile.framework/vorbisfile" -> "Versions/Current/vorbisfile".
