Change Dir: 'E:/Electro/Disunited-States-of-America/vcpkg_installed/vcpkg/blds/libvorbis/x86-windows-dbg'

Run Build Command(s): E:/vs2022/Common7/IDE/CommonExtensions/Microsoft/CMake/Ninja/ninja.exe -v -v -j17 install
[1/27] E:\vs2022\VC\Tools\MSVC\14.36.32532\bin\Hostx64\x86\cl.exe   -D_CRT_NONSTDC_NO_DEPRECATE -D_CRT_SECURE_NO_DEPRECATE -D_CRT_SECURE_NO_WARNINGS -Dvorbis_EXPORTS -IE:\Electro\Disunited-States-of-America\vcpkg_installed\vcpkg\blds\libvorbis\src\v1.3.7-1480004d18.clean\include -IE:\Electro\Disunited-States-of-America\vcpkg_installed\vcpkg\blds\libvorbis\src\v1.3.7-1480004d18.clean\lib -external:IE:\Electro\Disunited-States-of-America\vcpkg_installed\x86-windows\include -external:W0 /nologo /DWIN32 /D_WINDOWS /W3 /utf-8 /MP  /D_DEBUG /MDd /Z7 /Ob0 /Od /RTC1 /showIncludes /Folib\CMakeFiles\vorbis.dir\smallft.c.obj /Fdlib\CMakeFiles\vorbis.dir\ /FS -c E:\Electro\Disunited-States-of-America\vcpkg_installed\vcpkg\blds\libvorbis\src\v1.3.7-1480004d18.clean\lib\smallft.c
E:\Electro\Disunited-States-of-America\vcpkg_installed\vcpkg\blds\libvorbis\src\v1.3.7-1480004d18.clean\lib\smallft.c(98): warning C4244: '=': conversion from 'double' to 'float', possible loss of data
E:\Electro\Disunited-States-of-America\vcpkg_installed\vcpkg\blds\libvorbis\src\v1.3.7-1480004d18.clean\lib\smallft.c(99): warning C4244: '=': conversion from 'double' to 'float', possible loss of data
E:\Electro\Disunited-States-of-America\vcpkg_installed\vcpkg\blds\libvorbis\src\v1.3.7-1480004d18.clean\lib\smallft.c(282): warning C4244: '=': conversion from 'double' to 'float', possible loss of data
E:\Electro\Disunited-States-of-America\vcpkg_installed\vcpkg\blds\libvorbis\src\v1.3.7-1480004d18.clean\lib\smallft.c(283): warning C4244: '=': conversion from 'double' to 'float', possible loss of data
E:\Electro\Disunited-States-of-America\vcpkg_installed\vcpkg\blds\libvorbis\src\v1.3.7-1480004d18.clean\lib\smallft.c(852): warning C4244: '=': conversion from 'double' to 'float', possible loss of data
E:\Electro\Disunited-States-of-America\vcpkg_installed\vcpkg\blds\libvorbis\src\v1.3.7-1480004d18.clean\lib\smallft.c(853): warning C4244: '=': conversion from 'double' to 'float', possible loss of data
[2/27] E:\vs2022\VC\Tools\MSVC\14.36.32532\bin\Hostx64\x86\cl.exe   -D_CRT_NONSTDC_NO_DEPRECATE -D_CRT_SECURE_NO_DEPRECATE -D_CRT_SECURE_NO_WARNINGS -Dvorbis_EXPORTS -IE:\Electro\Disunited-States-of-America\vcpkg_installed\vcpkg\blds\libvorbis\src\v1.3.7-1480004d18.clean\include -IE:\Electro\Disunited-States-of-America\vcpkg_installed\vcpkg\blds\libvorbis\src\v1.3.7-1480004d18.clean\lib -external:IE:\Electro\Disunited-States-of-America\vcpkg_installed\x86-windows\include -external:W0 /nologo /DWIN32 /D_WINDOWS /W3 /utf-8 /MP  /D_DEBUG /MDd /Z7 /Ob0 /Od /RTC1 /showIncludes /Folib\CMakeFiles\vorbis.dir\mdct.c.obj /Fdlib\CMakeFiles\vorbis.dir\ /FS -c E:\Electro\Disunited-States-of-America\vcpkg_installed\vcpkg\blds\libvorbis\src\v1.3.7-1480004d18.clean\lib\mdct.c
E:\Electro\Disunited-States-of-America\vcpkg_installed\vcpkg\blds\libvorbis\src\v1.3.7-1480004d18.clean\lib\mdct.c(57): warning C4244: '=': conversion from 'double' to 'int', possible loss of data
E:\Electro\Disunited-States-of-America\vcpkg_installed\vcpkg\blds\libvorbis\src\v1.3.7-1480004d18.clean\lib\mdct.c(65): warning C4244: '=': conversion from 'double' to 'float', possible loss of data
E:\Electro\Disunited-States-of-America\vcpkg_installed\vcpkg\blds\libvorbis\src\v1.3.7-1480004d18.clean\lib\mdct.c(66): warning C4244: '=': conversion from 'double' to 'float', possible loss of data
E:\Electro\Disunited-States-of-America\vcpkg_installed\vcpkg\blds\libvorbis\src\v1.3.7-1480004d18.clean\lib\mdct.c(67): warning C4244: '=': conversion from 'double' to 'float', possible loss of data
E:\Electro\Disunited-States-of-America\vcpkg_installed\vcpkg\blds\libvorbis\src\v1.3.7-1480004d18.clean\lib\mdct.c(68): warning C4244: '=': conversion from 'double' to 'float', possible loss of data
E:\Electro\Disunited-States-of-America\vcpkg_installed\vcpkg\blds\libvorbis\src\v1.3.7-1480004d18.clean\lib\mdct.c(71): warning C4244: '=': conversion from 'double' to 'float', possible loss of data
E:\Electro\Disunited-States-of-America\vcpkg_installed\vcpkg\blds\libvorbis\src\v1.3.7-1480004d18.clean\lib\mdct.c(72): warning C4244: '=': conversion from 'double' to 'float', possible loss of data
[3/27] E:\vs2022\VC\Tools\MSVC\14.36.32532\bin\Hostx64\x86\cl.exe   -D_CRT_NONSTDC_NO_DEPRECATE -D_CRT_SECURE_NO_DEPRECATE -D_CRT_SECURE_NO_WARNINGS -Dvorbis_EXPORTS -IE:\Electro\Disunited-States-of-America\vcpkg_installed\vcpkg\blds\libvorbis\src\v1.3.7-1480004d18.clean\include -IE:\Electro\Disunited-States-of-America\vcpkg_installed\vcpkg\blds\libvorbis\src\v1.3.7-1480004d18.clean\lib -external:IE:\Electro\Disunited-States-of-America\vcpkg_installed\x86-windows\include -external:W0 /nologo /DWIN32 /D_WINDOWS /W3 /utf-8 /MP  /D_DEBUG /MDd /Z7 /Ob0 /Od /RTC1 /showIncludes /Folib\CMakeFiles\vorbis.dir\envelope.c.obj /Fdlib\CMakeFiles\vorbis.dir\ /FS -c E:\Electro\Disunited-States-of-America\vcpkg_installed\vcpkg\blds\libvorbis\src\v1.3.7-1480004d18.clean\lib\envelope.c
E:\Electro\Disunited-States-of-America\vcpkg_installed\vcpkg\blds\libvorbis\src\v1.3.7-1480004d18.clean\lib\envelope.c(47): warning C4244: '=': conversion from 'double' to 'float', possible loss of data
E:\Electro\Disunited-States-of-America\vcpkg_installed\vcpkg\blds\libvorbis\src\v1.3.7-1480004d18.clean\lib\envelope.c(64): warning C4244: '=': conversion from 'double' to 'float', possible loss of data
E:\Electro\Disunited-States-of-America\vcpkg_installed\vcpkg\blds\libvorbis\src\v1.3.7-1480004d18.clean\lib\envelope.c(67): warning C4244: '=': conversion from 'double' to 'float', possible loss of data
E:\Electro\Disunited-States-of-America\vcpkg_installed\vcpkg\blds\libvorbis\src\v1.3.7-1480004d18.clean\lib\envelope.c(144): warning C4244: '=': conversion from 'double' to 'float', possible loss of data
E:\Electro\Disunited-States-of-America\vcpkg_installed\vcpkg\blds\libvorbis\src\v1.3.7-1480004d18.clean\lib\envelope.c(126): warning C4244: 'initializing': conversion from 'double' to 'float', possible loss of data
[4/27] E:\vs2022\VC\Tools\MSVC\14.36.32532\bin\Hostx64\x86\cl.exe   -D_CRT_NONSTDC_NO_DEPRECATE -D_CRT_SECURE_NO_DEPRECATE -D_CRT_SECURE_NO_WARNINGS -Dvorbis_EXPORTS -IE:\Electro\Disunited-States-of-America\vcpkg_installed\vcpkg\blds\libvorbis\src\v1.3.7-1480004d18.clean\include -IE:\Electro\Disunited-States-of-America\vcpkg_installed\vcpkg\blds\libvorbis\src\v1.3.7-1480004d18.clean\lib -external:IE:\Electro\Disunited-States-of-America\vcpkg_installed\x86-windows\include -external:W0 /nologo /DWIN32 /D_WINDOWS /W3 /utf-8 /MP  /D_DEBUG /MDd /Z7 /Ob0 /Od /RTC1 /showIncludes /Folib\CMakeFiles\vorbis.dir\synthesis.c.obj /Fdlib\CMakeFiles\vorbis.dir\ /FS -c E:\Electro\Disunited-States-of-America\vcpkg_installed\vcpkg\blds\libvorbis\src\v1.3.7-1480004d18.clean\lib\synthesis.c
[5/27] E:\vs2022\VC\Tools\MSVC\14.36.32532\bin\Hostx64\x86\cl.exe   -D_CRT_NONSTDC_NO_DEPRECATE -D_CRT_SECURE_NO_DEPRECATE -D_CRT_SECURE_NO_WARNINGS -Dvorbis_EXPORTS -IE:\Electro\Disunited-States-of-America\vcpkg_installed\vcpkg\blds\libvorbis\src\v1.3.7-1480004d18.clean\include -IE:\Electro\Disunited-States-of-America\vcpkg_installed\vcpkg\blds\libvorbis\src\v1.3.7-1480004d18.clean\lib -external:IE:\Electro\Disunited-States-of-America\vcpkg_installed\x86-windows\include -external:W0 /nologo /DWIN32 /D_WINDOWS /W3 /utf-8 /MP  /D_DEBUG /MDd /Z7 /Ob0 /Od /RTC1 /showIncludes /Folib\CMakeFiles\vorbis.dir\registry.c.obj /Fdlib\CMakeFiles\vorbis.dir\ /FS -c E:\Electro\Disunited-States-of-America\vcpkg_installed\vcpkg\blds\libvorbis\src\v1.3.7-1480004d18.clean\lib\registry.c
[6/27] E:\vs2022\VC\Tools\MSVC\14.36.32532\bin\Hostx64\x86\cl.exe   -D_CRT_NONSTDC_NO_DEPRECATE -D_CRT_SECURE_NO_DEPRECATE -D_CRT_SECURE_NO_WARNINGS -Dvorbis_EXPORTS -IE:\Electro\Disunited-States-of-America\vcpkg_installed\vcpkg\blds\libvorbis\src\v1.3.7-1480004d18.clean\include -IE:\Electro\Disunited-States-of-America\vcpkg_installed\vcpkg\blds\libvorbis\src\v1.3.7-1480004d18.clean\lib -external:IE:\Electro\Disunited-States-of-America\vcpkg_installed\x86-windows\include -external:W0 /nologo /DWIN32 /D_WINDOWS /W3 /utf-8 /MP  /D_DEBUG /MDd /Z7 /Ob0 /Od /RTC1 /showIncludes /Folib\CMakeFiles\vorbis.dir\codebook.c.obj /Fdlib\CMakeFiles\vorbis.dir\ /FS -c E:\Electro\Disunited-States-of-America\vcpkg_installed\vcpkg\blds\libvorbis\src\v1.3.7-1480004d18.clean\lib\codebook.c
E:\Electro\Disunited-States-of-America\vcpkg_installed\vcpkg\blds\libvorbis\src\v1.3.7-1480004d18.clean\lib\codebook.c(182): warning C4244: '=': conversion from 'long' to 'char', possible loss of data
E:\Electro\Disunited-States-of-America\vcpkg_installed\vcpkg\blds\libvorbis\src\v1.3.7-1480004d18.clean\lib\codebook.c(191): warning C4244: '=': conversion from 'long' to 'char', possible loss of data
E:\Electro\Disunited-States-of-America\vcpkg_installed\vcpkg\blds\libvorbis\src\v1.3.7-1480004d18.clean\lib\codebook.c(213): warning C4244: '=': conversion from 'long' to 'char', possible loss of data
[7/27] E:\vs2022\VC\Tools\MSVC\14.36.32532\bin\Hostx64\x86\cl.exe   -D_CRT_NONSTDC_NO_DEPRECATE -D_CRT_SECURE_NO_DEPRECATE -D_CRT_SECURE_NO_WARNINGS -Dvorbis_EXPORTS -IE:\Electro\Disunited-States-of-America\vcpkg_installed\vcpkg\blds\libvorbis\src\v1.3.7-1480004d18.clean\include -IE:\Electro\Disunited-States-of-America\vcpkg_installed\vcpkg\blds\libvorbis\src\v1.3.7-1480004d18.clean\lib -external:IE:\Electro\Disunited-States-of-America\vcpkg_installed\x86-windows\include -external:W0 /nologo /DWIN32 /D_WINDOWS /W3 /utf-8 /MP  /D_DEBUG /MDd /Z7 /Ob0 /Od /RTC1 /showIncludes /Folib\CMakeFiles\vorbis.dir\window.c.obj /Fdlib\CMakeFiles\vorbis.dir\ /FS -c E:\Electro\Disunited-States-of-America\vcpkg_installed\vcpkg\blds\libvorbis\src\v1.3.7-1480004d18.clean\lib\window.c
[8/27] E:\vs2022\VC\Tools\MSVC\14.36.32532\bin\Hostx64\x86\cl.exe   -D_CRT_NONSTDC_NO_DEPRECATE -D_CRT_SECURE_NO_DEPRECATE -D_CRT_SECURE_NO_WARNINGS -Dvorbis_EXPORTS -IE:\Electro\Disunited-States-of-America\vcpkg_installed\vcpkg\blds\libvorbis\src\v1.3.7-1480004d18.clean\include -IE:\Electro\Disunited-States-of-America\vcpkg_installed\vcpkg\blds\libvorbis\src\v1.3.7-1480004d18.clean\lib -external:IE:\Electro\Disunited-States-of-America\vcpkg_installed\x86-windows\include -external:W0 /nologo /DWIN32 /D_WINDOWS /W3 /utf-8 /MP  /D_DEBUG /MDd /Z7 /Ob0 /Od /RTC1 /showIncludes /Folib\CMakeFiles\vorbis.dir\res0.c.obj /Fdlib\CMakeFiles\vorbis.dir\ /FS -c E:\Electro\Disunited-States-of-America\vcpkg_installed\vcpkg\blds\libvorbis\src\v1.3.7-1480004d18.clean\lib\res0.c
E:\Electro\Disunited-States-of-America\vcpkg_installed\vcpkg\blds\libvorbis\src\v1.3.7-1480004d18.clean\lib\res0.c(439): warning C4244: '*=': conversion from 'float' to 'int', possible loss of data
E:\Electro\Disunited-States-of-America\vcpkg_installed\vcpkg\blds\libvorbis\src\v1.3.7-1480004d18.clean\lib\res0.c(419): warning C4244: 'initializing': conversion from 'double' to 'float', possible loss of data
[9/27] E:\vs2022\VC\Tools\MSVC\14.36.32532\bin\Hostx64\x86\cl.exe   -D_CRT_NONSTDC_NO_DEPRECATE -D_CRT_SECURE_NO_DEPRECATE -D_CRT_SECURE_NO_WARNINGS -Dvorbis_EXPORTS -IE:\Electro\Disunited-States-of-America\vcpkg_installed\vcpkg\blds\libvorbis\src\v1.3.7-1480004d18.clean\include -IE:\Electro\Disunited-States-of-America\vcpkg_installed\vcpkg\blds\libvorbis\src\v1.3.7-1480004d18.clean\lib -external:IE:\Electro\Disunited-States-of-America\vcpkg_installed\x86-windows\include -external:W0 /nologo /DWIN32 /D_WINDOWS /W3 /utf-8 /MP  /D_DEBUG /MDd /Z7 /Ob0 /Od /RTC1 /showIncludes /Folib\CMakeFiles\vorbis.dir\block.c.obj /Fdlib\CMakeFiles\vorbis.dir\ /FS -c E:\Electro\Disunited-States-of-America\vcpkg_installed\vcpkg\blds\libvorbis\src\v1.3.7-1480004d18.clean\lib\block.c
E:\Electro\Disunited-States-of-America\vcpkg_installed\vcpkg\blds\libvorbis\src\v1.3.7-1480004d18.clean\lib\block.c(863): warning C4244: 'initializing': conversion from 'ogg_int64_t' to 'long', possible loss of data
E:\Electro\Disunited-States-of-America\vcpkg_installed\vcpkg\blds\libvorbis\src\v1.3.7-1480004d18.clean\lib\block.c(901): warning C4244: 'initializing': conversion from 'ogg_int64_t' to 'long', possible loss of data
[10/27] E:\vs2022\VC\Tools\MSVC\14.36.32532\bin\Hostx64\x86\cl.exe   -D_CRT_NONSTDC_NO_DEPRECATE -D_CRT_SECURE_NO_DEPRECATE -D_CRT_SECURE_NO_WARNINGS -Dvorbis_EXPORTS -IE:\Electro\Disunited-States-of-America\vcpkg_installed\vcpkg\blds\libvorbis\src\v1.3.7-1480004d18.clean\include -IE:\Electro\Disunited-States-of-America\vcpkg_installed\vcpkg\blds\libvorbis\src\v1.3.7-1480004d18.clean\lib -external:IE:\Electro\Disunited-States-of-America\vcpkg_installed\x86-windows\include -external:W0 /nologo /DWIN32 /D_WINDOWS /W3 /utf-8 /MP  /D_DEBUG /MDd /Z7 /Ob0 /Od /RTC1 /showIncludes /Folib\CMakeFiles\vorbis.dir\floor1.c.obj /Fdlib\CMakeFiles\vorbis.dir\ /FS -c E:\Electro\Disunited-States-of-America\vcpkg_installed\vcpkg\blds\libvorbis\src\v1.3.7-1480004d18.clean\lib\floor1.c
E:\Electro\Disunited-States-of-America\vcpkg_installed\vcpkg\blds\libvorbis\src\v1.3.7-1480004d18.clean\lib\floor1.c(274): warning C4244: 'initializing': conversion from 'const float' to 'int', possible loss of data
E:\Electro\Disunited-States-of-America\vcpkg_installed\vcpkg\blds\libvorbis\src\v1.3.7-1480004d18.clean\lib\floor1.c(498): warning C4244: '=': conversion from 'double' to 'int', possible loss of data
E:\Electro\Disunited-States-of-America\vcpkg_installed\vcpkg\blds\libvorbis\src\v1.3.7-1480004d18.clean\lib\floor1.c(499): warning C4244: '=': conversion from 'double' to 'int', possible loss of data
[11/27] E:\vs2022\VC\Tools\MSVC\14.36.32532\bin\Hostx64\x86\cl.exe   -D_CRT_NONSTDC_NO_DEPRECATE -D_CRT_SECURE_NO_DEPRECATE -D_CRT_SECURE_NO_WARNINGS -Dvorbis_EXPORTS -IE:\Electro\Disunited-States-of-America\vcpkg_installed\vcpkg\blds\libvorbis\src\v1.3.7-1480004d18.clean\include -IE:\Electro\Disunited-States-of-America\vcpkg_installed\vcpkg\blds\libvorbis\src\v1.3.7-1480004d18.clean\lib -external:IE:\Electro\Disunited-States-of-America\vcpkg_installed\x86-windows\include -external:W0 /nologo /DWIN32 /D_WINDOWS /W3 /utf-8 /MP  /D_DEBUG /MDd /Z7 /Ob0 /Od /RTC1 /showIncludes /Folib\CMakeFiles\vorbis.dir\analysis.c.obj /Fdlib\CMakeFiles\vorbis.dir\ /FS -c E:\Electro\Disunited-States-of-America\vcpkg_installed\vcpkg\blds\libvorbis\src\v1.3.7-1480004d18.clean\lib\analysis.c
[12/27] E:\vs2022\VC\Tools\MSVC\14.36.32532\bin\Hostx64\x86\cl.exe   -D_CRT_NONSTDC_NO_DEPRECATE -D_CRT_SECURE_NO_DEPRECATE -D_CRT_SECURE_NO_WARNINGS -Dvorbis_EXPORTS -IE:\Electro\Disunited-States-of-America\vcpkg_installed\vcpkg\blds\libvorbis\src\v1.3.7-1480004d18.clean\include -IE:\Electro\Disunited-States-of-America\vcpkg_installed\vcpkg\blds\libvorbis\src\v1.3.7-1480004d18.clean\lib -external:IE:\Electro\Disunited-States-of-America\vcpkg_installed\x86-windows\include -external:W0 /nologo /DWIN32 /D_WINDOWS /W3 /utf-8 /MP  /D_DEBUG /MDd /Z7 /Ob0 /Od /RTC1 /showIncludes /Folib\CMakeFiles\vorbis.dir\floor0.c.obj /Fdlib\CMakeFiles\vorbis.dir\ /FS -c E:\Electro\Disunited-States-of-America\vcpkg_installed\vcpkg\blds\libvorbis\src\v1.3.7-1480004d18.clean\lib\floor0.c
E:\Electro\Disunited-States-of-America\vcpkg_installed\vcpkg\blds\libvorbis\src\v1.3.7-1480004d18.clean\lib\floor0.c(125): warning C4244: 'initializing': conversion from 'double' to 'float', possible loss of data
E:\Electro\Disunited-States-of-America\vcpkg_installed\vcpkg\blds\libvorbis\src\v1.3.7-1480004d18.clean\lib\floor0.c(135): warning C4244: 'initializing': conversion from 'double' to 'int', possible loss of data
[13/27] E:\vs2022\VC\Tools\MSVC\14.36.32532\bin\Hostx64\x86\cl.exe   -D_CRT_NONSTDC_NO_DEPRECATE -D_CRT_SECURE_NO_DEPRECATE -D_CRT_SECURE_NO_WARNINGS -Dvorbis_EXPORTS -IE:\Electro\Disunited-States-of-America\vcpkg_installed\vcpkg\blds\libvorbis\src\v1.3.7-1480004d18.clean\include -IE:\Electro\Disunited-States-of-America\vcpkg_installed\vcpkg\blds\libvorbis\src\v1.3.7-1480004d18.clean\lib -external:IE:\Electro\Disunited-States-of-America\vcpkg_installed\x86-windows\include -external:W0 /nologo /DWIN32 /D_WINDOWS /W3 /utf-8 /MP  /D_DEBUG /MDd /Z7 /Ob0 /Od /RTC1 /showIncludes /Folib\CMakeFiles\vorbis.dir\lsp.c.obj /Fdlib\CMakeFiles\vorbis.dir\ /FS -c E:\Electro\Disunited-States-of-America\vcpkg_installed\vcpkg\blds\libvorbis\src\v1.3.7-1480004d18.clean\lib\lsp.c
E:\Electro\Disunited-States-of-America\vcpkg_installed\vcpkg\blds\libvorbis\src\v1.3.7-1480004d18.clean\lib\lsp.c(252): warning C4244: '=': conversion from 'double' to 'float', possible loss of data
E:\Electro\Disunited-States-of-America\vcpkg_installed\vcpkg\blds\libvorbis\src\v1.3.7-1480004d18.clean\lib\lsp.c(276): warning C4244: '=': conversion from 'double' to 'float', possible loss of data
E:\Electro\Disunited-States-of-America\vcpkg_installed\vcpkg\blds\libvorbis\src\v1.3.7-1480004d18.clean\lib\lsp.c(259): warning C4244: 'initializing': conversion from 'double' to 'float', possible loss of data
E:\Electro\Disunited-States-of-America\vcpkg_installed\vcpkg\blds\libvorbis\src\v1.3.7-1480004d18.clean\lib\lsp.c(350): warning C4244: '=': conversion from 'double' to 'float', possible loss of data
E:\Electro\Disunited-States-of-America\vcpkg_installed\vcpkg\blds\libvorbis\src\v1.3.7-1480004d18.clean\lib\lsp.c(397): warning C4244: '=': conversion from 'double' to 'float', possible loss of data
E:\Electro\Disunited-States-of-America\vcpkg_installed\vcpkg\blds\libvorbis\src\v1.3.7-1480004d18.clean\lib\lsp.c(449): warning C4244: '=': conversion from 'double' to 'float', possible loss of data
E:\Electro\Disunited-States-of-America\vcpkg_installed\vcpkg\blds\libvorbis\src\v1.3.7-1480004d18.clean\lib\lsp.c(452): warning C4244: '=': conversion from 'double' to 'float', possible loss of data
[14/27] E:\vs2022\VC\Tools\MSVC\14.36.32532\bin\Hostx64\x86\cl.exe   -D_CRT_NONSTDC_NO_DEPRECATE -D_CRT_SECURE_NO_DEPRECATE -D_CRT_SECURE_NO_WARNINGS -Dvorbis_EXPORTS -IE:\Electro\Disunited-States-of-America\vcpkg_installed\vcpkg\blds\libvorbis\src\v1.3.7-1480004d18.clean\include -IE:\Electro\Disunited-States-of-America\vcpkg_installed\vcpkg\blds\libvorbis\src\v1.3.7-1480004d18.clean\lib -external:IE:\Electro\Disunited-States-of-America\vcpkg_installed\x86-windows\include -external:W0 /nologo /DWIN32 /D_WINDOWS /W3 /utf-8 /MP  /D_DEBUG /MDd /Z7 /Ob0 /Od /RTC1 /showIncludes /Folib\CMakeFiles\vorbis.dir\info.c.obj /Fdlib\CMakeFiles\vorbis.dir\ /FS -c E:\Electro\Disunited-States-of-America\vcpkg_installed\vcpkg\blds\libvorbis\src\v1.3.7-1480004d18.clean\lib\info.c
E:\Electro\Disunited-States-of-America\vcpkg_installed\vcpkg\blds\libvorbis\src\v1.3.7-1480004d18.clean\lib\info.c(45): warning C4244: '=': conversion from 'long' to 'char', possible loss of data
[15/27] E:\vs2022\VC\Tools\MSVC\14.36.32532\bin\Hostx64\x86\cl.exe   -D_CRT_NONSTDC_NO_DEPRECATE -D_CRT_SECURE_NO_DEPRECATE -D_CRT_SECURE_NO_WARNINGS -Dvorbis_EXPORTS -IE:\Electro\Disunited-States-of-America\vcpkg_installed\vcpkg\blds\libvorbis\src\v1.3.7-1480004d18.clean\include -IE:\Electro\Disunited-States-of-America\vcpkg_installed\vcpkg\blds\libvorbis\src\v1.3.7-1480004d18.clean\lib -external:IE:\Electro\Disunited-States-of-America\vcpkg_installed\x86-windows\include -external:W0 /nologo /DWIN32 /D_WINDOWS /W3 /utf-8 /MP  /D_DEBUG /MDd /Z7 /Ob0 /Od /RTC1 /showIncludes /Folib\CMakeFiles\vorbis.dir\lpc.c.obj /Fdlib\CMakeFiles\vorbis.dir\ /FS -c E:\Electro\Disunited-States-of-America\vcpkg_installed\vcpkg\blds\libvorbis\src\v1.3.7-1480004d18.clean\lib\lpc.c
E:\Electro\Disunited-States-of-America\vcpkg_installed\vcpkg\blds\libvorbis\src\v1.3.7-1480004d18.clean\lib\lpc.c(129): warning C4244: 'return': conversion from 'double' to 'float', possible loss of data
[16/27] E:\vs2022\VC\Tools\MSVC\14.36.32532\bin\Hostx64\x86\cl.exe   -D_CRT_NONSTDC_NO_DEPRECATE -D_CRT_SECURE_NO_DEPRECATE -D_CRT_SECURE_NO_WARNINGS -Dvorbis_EXPORTS -IE:\Electro\Disunited-States-of-America\vcpkg_installed\vcpkg\blds\libvorbis\src\v1.3.7-1480004d18.clean\include -IE:\Electro\Disunited-States-of-America\vcpkg_installed\vcpkg\blds\libvorbis\src\v1.3.7-1480004d18.clean\lib -external:IE:\Electro\Disunited-States-of-America\vcpkg_installed\x86-windows\include -external:W0 /nologo /DWIN32 /D_WINDOWS /W3 /utf-8 /MP  /D_DEBUG /MDd /Z7 /Ob0 /Od /RTC1 /showIncludes /Folib\CMakeFiles\vorbis.dir\mapping0.c.obj /Fdlib\CMakeFiles\vorbis.dir\ /FS -c E:\Electro\Disunited-States-of-America\vcpkg_installed\vcpkg\blds\libvorbis\src\v1.3.7-1480004d18.clean\lib\mapping0.c
E:\Electro\Disunited-States-of-America\vcpkg_installed\vcpkg\blds\libvorbis\src\v1.3.7-1480004d18.clean\lib\mapping0.c(264): warning C4244: '=': conversion from 'double' to 'float', possible loss of data
E:\Electro\Disunited-States-of-America\vcpkg_installed\vcpkg\blds\libvorbis\src\v1.3.7-1480004d18.clean\lib\mapping0.c(310): warning C4244: '=': conversion from 'double' to 'float', possible loss of data
E:\Electro\Disunited-States-of-America\vcpkg_installed\vcpkg\blds\libvorbis\src\v1.3.7-1480004d18.clean\lib\mapping0.c(327): warning C4244: '=': conversion from 'double' to 'float', possible loss of data
E:\Electro\Disunited-States-of-America\vcpkg_installed\vcpkg\blds\libvorbis\src\v1.3.7-1480004d18.clean\lib\mapping0.c(385): warning C4244: '=': conversion from 'double' to 'float', possible loss of data
[17/27] E:\vs2022\VC\Tools\MSVC\14.36.32532\bin\Hostx64\x86\cl.exe   -D_CRT_NONSTDC_NO_DEPRECATE -D_CRT_SECURE_NO_DEPRECATE -D_CRT_SECURE_NO_WARNINGS -Dvorbis_EXPORTS -IE:\Electro\Disunited-States-of-America\vcpkg_installed\vcpkg\blds\libvorbis\src\v1.3.7-1480004d18.clean\include -IE:\Electro\Disunited-States-of-America\vcpkg_installed\vcpkg\blds\libvorbis\src\v1.3.7-1480004d18.clean\lib -external:IE:\Electro\Disunited-States-of-America\vcpkg_installed\x86-windows\include -external:W0 /nologo /DWIN32 /D_WINDOWS /W3 /utf-8 /MP  /D_DEBUG /MDd /Z7 /Ob0 /Od /RTC1 /showIncludes /Folib\CMakeFiles\vorbis.dir\psy.c.obj /Fdlib\CMakeFiles\vorbis.dir\ /FS -c E:\Electro\Disunited-States-of-America\vcpkg_installed\vcpkg\blds\libvorbis\src\v1.3.7-1480004d18.clean\lib\psy.c
E:\Electro\Disunited-States-of-America\vcpkg_installed\vcpkg\blds\libvorbis\src\v1.3.7-1480004d18.clean\lib\psy.c(136): warning C4244: 'function': conversion from 'double' to 'float', possible loss of data
E:\Electro\Disunited-States-of-America\vcpkg_installed\vcpkg\blds\libvorbis\src\v1.3.7-1480004d18.clean\lib\psy.c(138): warning C4244: 'function': conversion from 'double' to 'float', possible loss of data
E:\Electro\Disunited-States-of-America\vcpkg_installed\vcpkg\blds\libvorbis\src\v1.3.7-1480004d18.clean\lib\psy.c(172): warning C4244: '=': conversion from 'double' to 'int', possible loss of data
E:\Electro\Disunited-States-of-America\vcpkg_installed\vcpkg\blds\libvorbis\src\v1.3.7-1480004d18.clean\lib\psy.c(173): warning C4244: '=': conversion from 'double' to 'int', possible loss of data
E:\Electro\Disunited-States-of-America\vcpkg_installed\vcpkg\blds\libvorbis\src\v1.3.7-1480004d18.clean\lib\psy.c(174): warning C4244: '=': conversion from 'double' to 'int', possible loss of data
E:\Electro\Disunited-States-of-America\vcpkg_installed\vcpkg\blds\libvorbis\src\v1.3.7-1480004d18.clean\lib\psy.c(253): warning C4244: '=': conversion from 'int' to 'float', possible loss of data
E:\Electro\Disunited-States-of-America\vcpkg_installed\vcpkg\blds\libvorbis\src\v1.3.7-1480004d18.clean\lib\psy.c(258): warning C4244: '=': conversion from 'int' to 'float', possible loss of data
E:\Electro\Disunited-States-of-America\vcpkg_installed\vcpkg\blds\libvorbis\src\v1.3.7-1480004d18.clean\lib\psy.c(191): warning C4244: 'initializing': conversion from 'double' to 'int', possible loss of data
E:\Electro\Disunited-States-of-America\vcpkg_installed\vcpkg\blds\libvorbis\src\v1.3.7-1480004d18.clean\lib\psy.c(192): warning C4244: 'initializing': conversion from 'double' to 'int', possible loss of data
E:\Electro\Disunited-States-of-America\vcpkg_installed\vcpkg\blds\libvorbis\src\v1.3.7-1480004d18.clean\lib\psy.c(216): warning C4244: 'initializing': conversion from 'double' to 'int', possible loss of data
E:\Electro\Disunited-States-of-America\vcpkg_installed\vcpkg\blds\libvorbis\src\v1.3.7-1480004d18.clean\lib\psy.c(217): warning C4244: 'initializing': conversion from 'double' to 'int', possible loss of data
E:\Electro\Disunited-States-of-America\vcpkg_installed\vcpkg\blds\libvorbis\src\v1.3.7-1480004d18.clean\lib\psy.c(238): warning C4244: 'initializing': conversion from 'double' to 'int', possible loss of data
E:\Electro\Disunited-States-of-America\vcpkg_installed\vcpkg\blds\libvorbis\src\v1.3.7-1480004d18.clean\lib\psy.c(273): warning C4244: '=': conversion from 'double' to 'long', possible loss of data
E:\Electro\Disunited-States-of-America\vcpkg_installed\vcpkg\blds\libvorbis\src\v1.3.7-1480004d18.clean\lib\psy.c(275): warning C4244: '=': conversion from 'double' to 'long', possible loss of data
E:\Electro\Disunited-States-of-America\vcpkg_installed\vcpkg\blds\libvorbis\src\v1.3.7-1480004d18.clean\lib\psy.c(276): warning C4244: '=': conversion from 'double' to 'long', possible loss of data
E:\Electro\Disunited-States-of-America\vcpkg_installed\vcpkg\blds\libvorbis\src\v1.3.7-1480004d18.clean\lib\psy.c(289): warning C4305: '=': truncation from 'double' to 'float'
E:\Electro\Disunited-States-of-America\vcpkg_installed\vcpkg\blds\libvorbis\src\v1.3.7-1480004d18.clean\lib\psy.c(290): warning C4305: '=': truncation from 'double' to 'float'
E:\Electro\Disunited-States-of-America\vcpkg_installed\vcpkg\blds\libvorbis\src\v1.3.7-1480004d18.clean\lib\psy.c(300): warning C4244: '=': conversion from 'double' to 'float', possible loss of data
E:\Electro\Disunited-States-of-America\vcpkg_installed\vcpkg\blds\libvorbis\src\v1.3.7-1480004d18.clean\lib\psy.c(324): warning C4244: '=': conversion from 'double' to 'long', possible loss of data
E:\Electro\Disunited-States-of-America\vcpkg_installed\vcpkg\blds\libvorbis\src\v1.3.7-1480004d18.clean\lib\psy.c(326): warning C4244: 'function': conversion from 'double' to 'float', possible loss of data
E:\Electro\Disunited-States-of-America\vcpkg_installed\vcpkg\blds\libvorbis\src\v1.3.7-1480004d18.clean\lib\psy.c(346): warning C4244: '=': conversion from 'double' to 'float', possible loss of data
E:\Electro\Disunited-States-of-America\vcpkg_installed\vcpkg\blds\libvorbis\src\v1.3.7-1480004d18.clean\lib\psy.c(295): warning C4244: 'initializing': conversion from 'double' to 'int', possible loss of data
E:\Electro\Disunited-States-of-America\vcpkg_installed\vcpkg\blds\libvorbis\src\v1.3.7-1480004d18.clean\lib\psy.c(311): warning C4244: 'initializing': conversion from 'double' to 'float', possible loss of data
E:\Electro\Disunited-States-of-America\vcpkg_installed\vcpkg\blds\libvorbis\src\v1.3.7-1480004d18.clean\lib\psy.c(335): warning C4244: 'initializing': conversion from 'double' to 'float', possible loss of data
E:\Electro\Disunited-States-of-America\vcpkg_installed\vcpkg\blds\libvorbis\src\v1.3.7-1480004d18.clean\lib\psy.c(401): warning C4244: '=': conversion from 'const float' to 'int', possible loss of data
E:\Electro\Disunited-States-of-America\vcpkg_installed\vcpkg\blds\libvorbis\src\v1.3.7-1480004d18.clean\lib\psy.c(403): warning C4244: '=': conversion from 'const float' to 'int', possible loss of data
E:\Electro\Disunited-States-of-America\vcpkg_installed\vcpkg\blds\libvorbis\src\v1.3.7-1480004d18.clean\lib\psy.c(570): warning C4244: '=': conversion from 'double' to 'float', possible loss of data
E:\Electro\Disunited-States-of-America\vcpkg_installed\vcpkg\blds\libvorbis\src\v1.3.7-1480004d18.clean\lib\psy.c(742): warning C4244: 'initializing': conversion from 'double' to 'int', possible loss of data
E:\Electro\Disunited-States-of-America\vcpkg_installed\vcpkg\blds\libvorbis\src\v1.3.7-1480004d18.clean\lib\psy.c(804): warning C4305: '=': truncation from 'double' to 'float'
E:\Electro\Disunited-States-of-America\vcpkg_installed\vcpkg\blds\libvorbis\src\v1.3.7-1480004d18.clean\lib\psy.c(810): warning C4244: '=': conversion from 'double' to 'float', possible loss of data
E:\Electro\Disunited-States-of-America\vcpkg_installed\vcpkg\blds\libvorbis\src\v1.3.7-1480004d18.clean\lib\psy.c(817): warning C4305: '=': truncation from 'double' to 'float'
E:\Electro\Disunited-States-of-America\vcpkg_installed\vcpkg\blds\libvorbis\src\v1.3.7-1480004d18.clean\lib\psy.c(821): warning C4244: '=': conversion from 'double' to 'float', possible loss of data
E:\Electro\Disunited-States-of-America\vcpkg_installed\vcpkg\blds\libvorbis\src\v1.3.7-1480004d18.clean\lib\psy.c(925): warning C4244: 'initializing': conversion from 'double' to 'float', possible loss of data
E:\Electro\Disunited-States-of-America\vcpkg_installed\vcpkg\blds\libvorbis\src\v1.3.7-1480004d18.clean\lib\psy.c(956): warning C4244: '=': conversion from 'double' to 'int', possible loss of data
E:\Electro\Disunited-States-of-America\vcpkg_installed\vcpkg\blds\libvorbis\src\v1.3.7-1480004d18.clean\lib\psy.c(958): warning C4244: '=': conversion from 'double' to 'int', possible loss of data
E:\Electro\Disunited-States-of-America\vcpkg_installed\vcpkg\blds\libvorbis\src\v1.3.7-1480004d18.clean\lib\psy.c(979): warning C4244: '=': conversion from 'double' to 'int', possible loss of data
E:\Electro\Disunited-States-of-America\vcpkg_installed\vcpkg\blds\libvorbis\src\v1.3.7-1480004d18.clean\lib\psy.c(981): warning C4244: '=': conversion from 'double' to 'int', possible loss of data
E:\Electro\Disunited-States-of-America\vcpkg_installed\vcpkg\blds\libvorbis\src\v1.3.7-1480004d18.clean\lib\psy.c(995): warning C4244: '=': conversion from 'float' to 'int', possible loss of data
E:\Electro\Disunited-States-of-America\vcpkg_installed\vcpkg\blds\libvorbis\src\v1.3.7-1480004d18.clean\lib\psy.c(1053): warning C4244: '=': conversion from 'const double' to 'float', possible loss of data
E:\Electro\Disunited-States-of-America\vcpkg_installed\vcpkg\blds\libvorbis\src\v1.3.7-1480004d18.clean\lib\psy.c(1131): warning C4244: '=': conversion from 'double' to 'float', possible loss of data
E:\Electro\Disunited-States-of-America\vcpkg_installed\vcpkg\blds\libvorbis\src\v1.3.7-1480004d18.clean\lib\psy.c(1160): warning C4244: '=': conversion from 'double' to 'float', possible loss of data
E:\Electro\Disunited-States-of-America\vcpkg_installed\vcpkg\blds\libvorbis\src\v1.3.7-1480004d18.clean\lib\psy.c(1179): warning C4244: '=': conversion from 'double' to 'float', possible loss of data
E:\Electro\Disunited-States-of-America\vcpkg_installed\vcpkg\blds\libvorbis\src\v1.3.7-1480004d18.clean\lib\psy.c(1181): warning C4244: '=': conversion from 'double' to 'float', possible loss of data
E:\Electro\Disunited-States-of-America\vcpkg_installed\vcpkg\blds\libvorbis\src\v1.3.7-1480004d18.clean\lib\psy.c(1024): warning C4244: 'initializing': conversion from 'const double' to 'float', possible loss of data
E:\Electro\Disunited-States-of-America\vcpkg_installed\vcpkg\blds\libvorbis\src\v1.3.7-1480004d18.clean\lib\psy.c(1025): warning C4244: 'initializing': conversion from 'const double' to 'float', possible loss of data
[18/27] E:\vs2022\VC\Tools\MSVC\14.36.32532\bin\Hostx64\x86\cl.exe   -D_CRT_NONSTDC_NO_DEPRECATE -D_CRT_SECURE_NO_DEPRECATE -D_CRT_SECURE_NO_WARNINGS -Dvorbis_EXPORTS -IE:\Electro\Disunited-States-of-America\vcpkg_installed\vcpkg\blds\libvorbis\src\v1.3.7-1480004d18.clean\include -IE:\Electro\Disunited-States-of-America\vcpkg_installed\vcpkg\blds\libvorbis\src\v1.3.7-1480004d18.clean\lib -external:IE:\Electro\Disunited-States-of-America\vcpkg_installed\x86-windows\include -external:W0 /nologo /DWIN32 /D_WINDOWS /W3 /utf-8 /MP  /D_DEBUG /MDd /Z7 /Ob0 /Od /RTC1 /showIncludes /Folib\CMakeFiles\vorbis.dir\lookup.c.obj /Fdlib\CMakeFiles\vorbis.dir\ /FS -c E:\Electro\Disunited-States-of-America\vcpkg_installed\vcpkg\blds\libvorbis\src\v1.3.7-1480004d18.clean\lib\lookup.c
[19/27] E:\vs2022\VC\Tools\MSVC\14.36.32532\bin\Hostx64\x86\cl.exe   -D_CRT_NONSTDC_NO_DEPRECATE -D_CRT_SECURE_NO_DEPRECATE -D_CRT_SECURE_NO_WARNINGS -Dvorbis_EXPORTS -IE:\Electro\Disunited-States-of-America\vcpkg_installed\vcpkg\blds\libvorbis\src\v1.3.7-1480004d18.clean\include -IE:\Electro\Disunited-States-of-America\vcpkg_installed\vcpkg\blds\libvorbis\src\v1.3.7-1480004d18.clean\lib -external:IE:\Electro\Disunited-States-of-America\vcpkg_installed\x86-windows\include -external:W0 /nologo /DWIN32 /D_WINDOWS /W3 /utf-8 /MP  /D_DEBUG /MDd /Z7 /Ob0 /Od /RTC1 /showIncludes /Folib\CMakeFiles\vorbis.dir\bitrate.c.obj /Fdlib\CMakeFiles\vorbis.dir\ /FS -c E:\Electro\Disunited-States-of-America\vcpkg_installed\vcpkg\blds\libvorbis\src\v1.3.7-1480004d18.clean\lib\bitrate.c
E:\Electro\Disunited-States-of-America\vcpkg_installed\vcpkg\blds\libvorbis\src\v1.3.7-1480004d18.clean\lib\bitrate.c(41): warning C4244: '=': conversion from 'double' to 'long', possible loss of data
E:\Electro\Disunited-States-of-America\vcpkg_installed\vcpkg\blds\libvorbis\src\v1.3.7-1480004d18.clean\lib\bitrate.c(42): warning C4244: '=': conversion from 'double' to 'long', possible loss of data
E:\Electro\Disunited-States-of-America\vcpkg_installed\vcpkg\blds\libvorbis\src\v1.3.7-1480004d18.clean\lib\bitrate.c(43): warning C4244: '=': conversion from 'double' to 'long', possible loss of data
E:\Electro\Disunited-States-of-America\vcpkg_installed\vcpkg\blds\libvorbis\src\v1.3.7-1480004d18.clean\lib\bitrate.c(50): warning C4244: 'initializing': conversion from 'double' to 'long', possible loss of data
E:\Electro\Disunited-States-of-America\vcpkg_installed\vcpkg\blds\libvorbis\src\v1.3.7-1480004d18.clean\lib\bitrate.c(134): warning C4244: '=': conversion from 'double' to 'int', possible loss of data
E:\Electro\Disunited-States-of-America\vcpkg_installed\vcpkg\blds\libvorbis\src\v1.3.7-1480004d18.clean\lib\bitrate.c(82): warning C4244: 'initializing': conversion from 'double' to 'int', possible loss of data
E:\Electro\Disunited-States-of-America\vcpkg_installed\vcpkg\blds\libvorbis\src\v1.3.7-1480004d18.clean\lib\bitrate.c(87): warning C4244: 'initializing': conversion from 'double' to 'long', possible loss of data
[20/27] E:\vs2022\VC\Tools\MSVC\14.36.32532\bin\Hostx64\x86\cl.exe   -D_CRT_NONSTDC_NO_DEPRECATE -D_CRT_SECURE_NO_DEPRECATE -D_CRT_SECURE_NO_WARNINGS -Dvorbis_EXPORTS -IE:\Electro\Disunited-States-of-America\vcpkg_installed\vcpkg\blds\libvorbis\src\v1.3.7-1480004d18.clean\include -IE:\Electro\Disunited-States-of-America\vcpkg_installed\vcpkg\blds\libvorbis\src\v1.3.7-1480004d18.clean\lib -external:IE:\Electro\Disunited-States-of-America\vcpkg_installed\x86-windows\include -external:W0 /nologo /DWIN32 /D_WINDOWS /W3 /utf-8 /MP  /D_DEBUG /MDd /Z7 /Ob0 /Od /RTC1 /showIncludes /Folib\CMakeFiles\vorbis.dir\sharedbook.c.obj /Fdlib\CMakeFiles\vorbis.dir\ /FS -c E:\Electro\Disunited-States-of-America\vcpkg_installed\vcpkg\blds\libvorbis\src\v1.3.7-1480004d18.clean\lib\sharedbook.c
E:\Electro\Disunited-States-of-America\vcpkg_installed\vcpkg\blds\libvorbis\src\v1.3.7-1480004d18.clean\lib\sharedbook.c(53): warning C4244: '=': conversion from 'double' to 'long', possible loss of data
E:\Electro\Disunited-States-of-America\vcpkg_installed\vcpkg\blds\libvorbis\src\v1.3.7-1480004d18.clean\lib\sharedbook.c(54): warning C4244: '=': conversion from 'double' to 'long', possible loss of data
E:\Electro\Disunited-States-of-America\vcpkg_installed\vcpkg\blds\libvorbis\src\v1.3.7-1480004d18.clean\lib\sharedbook.c(73): warning C4244: 'return': conversion from 'double' to 'float', possible loss of data
E:\Electro\Disunited-States-of-America\vcpkg_installed\vcpkg\blds\libvorbis\src\v1.3.7-1480004d18.clean\lib\sharedbook.c(173): warning C4244: '=': conversion from 'double' to 'long', possible loss of data
E:\Electro\Disunited-States-of-America\vcpkg_installed\vcpkg\blds\libvorbis\src\v1.3.7-1480004d18.clean\lib\sharedbook.c(237): warning C4244: '=': conversion from 'double' to 'float', possible loss of data
E:\Electro\Disunited-States-of-America\vcpkg_installed\vcpkg\blds\libvorbis\src\v1.3.7-1480004d18.clean\lib\sharedbook.c(257): warning C4244: '=': conversion from 'double' to 'float', possible loss of data
E:\Electro\Disunited-States-of-America\vcpkg_installed\vcpkg\blds\libvorbis\src\v1.3.7-1480004d18.clean\lib\sharedbook.c(236): warning C4244: 'initializing': conversion from 'long' to 'float', possible loss of data
E:\Electro\Disunited-States-of-America\vcpkg_installed\vcpkg\blds\libvorbis\src\v1.3.7-1480004d18.clean\lib\sharedbook.c(256): warning C4244: 'initializing': conversion from 'long' to 'float', possible loss of data
[21/27] E:\vs2022\VC\Tools\MSVC\14.36.32532\bin\Hostx64\x86\cl.exe   -D_CRT_NONSTDC_NO_DEPRECATE -D_CRT_SECURE_NO_DEPRECATE -D_CRT_SECURE_NO_WARNINGS -Dvorbisfile_EXPORTS -IE:\Electro\Disunited-States-of-America\vcpkg_installed\vcpkg\blds\libvorbis\src\v1.3.7-1480004d18.clean\include -external:IE:\Electro\Disunited-States-of-America\vcpkg_installed\x86-windows\include -external:W0 /nologo /DWIN32 /D_WINDOWS /W3 /utf-8 /MP  /D_DEBUG /MDd /Z7 /Ob0 /Od /RTC1 /showIncludes /Folib\CMakeFiles\vorbisfile.dir\vorbisfile.c.obj /Fdlib\CMakeFiles\vorbisfile.dir\ /FS -c E:\Electro\Disunited-States-of-America\vcpkg_installed\vcpkg\blds\libvorbis\src\v1.3.7-1480004d18.clean\lib\vorbisfile.c
E:\Electro\Disunited-States-of-America\vcpkg_installed\vcpkg\blds\libvorbis\src\v1.3.7-1480004d18.clean\lib\vorbisfile.c(258): warning C4244: 'function': conversion from 'ogg_int64_t' to 'long', possible loss of data
E:\Electro\Disunited-States-of-America\vcpkg_installed\vcpkg\blds\libvorbis\src\v1.3.7-1480004d18.clean\lib\vorbisfile.c(276): warning C4244: '=': conversion from 'ogg_int64_t' to 'int', possible loss of data
E:\Electro\Disunited-States-of-America\vcpkg_installed\vcpkg\blds\libvorbis\src\v1.3.7-1480004d18.clean\lib\vorbisfile.c(548): warning C4244: 'return': conversion from 'ogg_int64_t' to 'int', possible loss of data
E:\Electro\Disunited-States-of-America\vcpkg_installed\vcpkg\blds\libvorbis\src\v1.3.7-1480004d18.clean\lib\vorbisfile.c(569): warning C4244: 'return': conversion from 'ogg_int64_t' to 'int', possible loss of data
E:\Electro\Disunited-States-of-America\vcpkg_installed\vcpkg\blds\libvorbis\src\v1.3.7-1480004d18.clean\lib\vorbisfile.c(572): warning C4244: 'return': conversion from 'ogg_int64_t' to 'int', possible loss of data
E:\Electro\Disunited-States-of-America\vcpkg_installed\vcpkg\blds\libvorbis\src\v1.3.7-1480004d18.clean\lib\vorbisfile.c(582): warning C4244: 'return': conversion from 'ogg_int64_t' to 'int', possible loss of data
E:\Electro\Disunited-States-of-America\vcpkg_installed\vcpkg\blds\libvorbis\src\v1.3.7-1480004d18.clean\lib\vorbisfile.c(644): warning C4244: 'return': conversion from 'ogg_int64_t' to 'int', possible loss of data
E:\Electro\Disunited-States-of-America\vcpkg_installed\vcpkg\blds\libvorbis\src\v1.3.7-1480004d18.clean\lib\vorbisfile.c(877): warning C4244: 'function': conversion from 'ogg_int64_t' to 'long', possible loss of data
E:\Electro\Disunited-States-of-America\vcpkg_installed\vcpkg\blds\libvorbis\src\v1.3.7-1480004d18.clean\lib\vorbisfile.c(1121): warning C4244: '=': conversion from 'double' to 'float', possible loss of data
E:\Electro\Disunited-States-of-America\vcpkg_installed\vcpkg\blds\libvorbis\src\v1.3.7-1480004d18.clean\lib\vorbisfile.c(1122): warning C4244: 'return': conversion from 'double' to 'long', possible loss of data
E:\Electro\Disunited-States-of-America\vcpkg_installed\vcpkg\blds\libvorbis\src\v1.3.7-1480004d18.clean\lib\vorbisfile.c(1126): warning C4244: 'return': conversion from 'double' to 'long', possible loss of data
E:\Electro\Disunited-States-of-America\vcpkg_installed\vcpkg\blds\libvorbis\src\v1.3.7-1480004d18.clean\lib\vorbisfile.c(1154): warning C4244: '=': conversion from 'double' to 'long', possible loss of data
E:\Electro\Disunited-States-of-America\vcpkg_installed\vcpkg\blds\libvorbis\src\v1.3.7-1480004d18.clean\lib\vorbisfile.c(1763): warning C4244: '=': conversion from 'ogg_int64_t' to 'long', possible loss of data
E:\Electro\Disunited-States-of-America\vcpkg_installed\vcpkg\blds\libvorbis\src\v1.3.7-1480004d18.clean\lib\vorbisfile.c(1800): warning C4244: 'initializing': conversion from 'double' to 'ogg_int64_t', possible loss of data
E:\Electro\Disunited-States-of-America\vcpkg_installed\vcpkg\blds\libvorbis\src\v1.3.7-1480004d18.clean\lib\vorbisfile.c(1830): warning C4244: 'initializing': conversion from 'double' to 'ogg_int64_t', possible loss of data
E:\Electro\Disunited-States-of-America\vcpkg_installed\vcpkg\blds\libvorbis\src\v1.3.7-1480004d18.clean\lib\vorbisfile.c(2169): warning C4244: 'initializing': conversion from 'double' to 'float', possible loss of data
[22/27] E:\vs2022\VC\Tools\MSVC\14.36.32532\bin\Hostx64\x86\cl.exe   -D_CRT_NONSTDC_NO_DEPRECATE -D_CRT_SECURE_NO_DEPRECATE -D_CRT_SECURE_NO_WARNINGS -Dvorbisenc_EXPORTS -IE:\Electro\Disunited-States-of-America\vcpkg_installed\vcpkg\blds\libvorbis\src\v1.3.7-1480004d18.clean\include -IE:\Electro\Disunited-States-of-America\vcpkg_installed\vcpkg\blds\libvorbis\src\v1.3.7-1480004d18.clean\lib -external:IE:\Electro\Disunited-States-of-America\vcpkg_installed\x86-windows\include -external:W0 /nologo /DWIN32 /D_WINDOWS /W3 /utf-8 /MP  /D_DEBUG /MDd /Z7 /Ob0 /Od /RTC1 /showIncludes /Folib\CMakeFiles\vorbisenc.dir\vorbisenc.c.obj /Fdlib\CMakeFiles\vorbisenc.dir\ /FS -c E:\Electro\Disunited-States-of-America\vcpkg_installed\vcpkg\blds\libvorbis\src\v1.3.7-1480004d18.clean\lib\vorbisenc.c
E:\Electro\Disunited-States-of-America\vcpkg_installed\vcpkg\blds\libvorbis\src\v1.3.7-1480004d18.clean\lib\modes/psych_44.h(26): warning C4244: 'initializing': conversion from 'double' to 'int', possible loss of data
E:\Electro\Disunited-States-of-America\vcpkg_installed\vcpkg\blds\libvorbis\src\v1.3.7-1480004d18.clean\lib\modes/psych_44.h(26): warning C4244: 'initializing': conversion from 'double' to 'int', possible loss of data
E:\Electro\Disunited-States-of-America\vcpkg_installed\vcpkg\blds\libvorbis\src\v1.3.7-1480004d18.clean\lib\modes/psych_44.h(26): warning C4244: 'initializing': conversion from 'double' to 'int', possible loss of data
E:\Electro\Disunited-States-of-America\vcpkg_installed\vcpkg\blds\libvorbis\src\v1.3.7-1480004d18.clean\lib\modes/psych_44.h(26): warning C4244: 'initializing': conversion from 'double' to 'int', possible loss of data
E:\Electro\Disunited-States-of-America\vcpkg_installed\vcpkg\blds\libvorbis\src\v1.3.7-1480004d18.clean\lib\modes/psych_44.h(26): warning C4244: 'initializing': conversion from 'double' to 'int', possible loss of data
E:\Electro\Disunited-States-of-America\vcpkg_installed\vcpkg\blds\libvorbis\src\v1.3.7-1480004d18.clean\lib\modes/psych_44.h(32): warning C4244: 'initializing': conversion from 'double' to 'int', possible loss of data
E:\Electro\Disunited-States-of-America\vcpkg_installed\vcpkg\blds\libvorbis\src\v1.3.7-1480004d18.clean\lib\modes/psych_44.h(32): warning C4244: 'initializing': conversion from 'double' to 'int', possible loss of data
E:\Electro\Disunited-States-of-America\vcpkg_installed\vcpkg\blds\libvorbis\src\v1.3.7-1480004d18.clean\lib\modes/psych_44.h(32): warning C4244: 'initializing': conversion from 'double' to 'int', possible loss of data
E:\Electro\Disunited-States-of-America\vcpkg_installed\vcpkg\blds\libvorbis\src\v1.3.7-1480004d18.clean\lib\modes/psych_44.h(32): warning C4244: 'initializing': conversion from 'double' to 'int', possible loss of data
E:\Electro\Disunited-States-of-America\vcpkg_installed\vcpkg\blds\libvorbis\src\v1.3.7-1480004d18.clean\lib\modes/psych_44.h(32): warning C4244: 'initializing': conversion from 'double' to 'int', possible loss of data
E:\Electro\Disunited-States-of-America\vcpkg_installed\vcpkg\blds\libvorbis\src\v1.3.7-1480004d18.clean\lib\modes/psych_44.h(38): warning C4244: 'initializing': conversion from 'double' to 'int', possible loss of data
E:\Electro\Disunited-States-of-America\vcpkg_installed\vcpkg\blds\libvorbis\src\v1.3.7-1480004d18.clean\lib\modes/psych_44.h(38): warning C4244: 'initializing': conversion from 'double' to 'int', possible loss of data
E:\Electro\Disunited-States-of-America\vcpkg_installed\vcpkg\blds\libvorbis\src\v1.3.7-1480004d18.clean\lib\modes/psych_44.h(38): warning C4244: 'initializing': conversion from 'double' to 'int', possible loss of data
E:\Electro\Disunited-States-of-America\vcpkg_installed\vcpkg\blds\libvorbis\src\v1.3.7-1480004d18.clean\lib\modes/psych_44.h(38): warning C4244: 'initializing': conversion from 'double' to 'int', possible loss of data
E:\Electro\Disunited-States-of-America\vcpkg_installed\vcpkg\blds\libvorbis\src\v1.3.7-1480004d18.clean\lib\modes/psych_44.h(38): warning C4244: 'initializing': conversion from 'double' to 'int', possible loss of data
E:\Electro\Disunited-States-of-America\vcpkg_installed\vcpkg\blds\libvorbis\src\v1.3.7-1480004d18.clean\lib\modes/psych_44.h(44): warning C4244: 'initializing': conversion from 'double' to 'int', possible loss of data
E:\Electro\Disunited-States-of-America\vcpkg_installed\vcpkg\blds\libvorbis\src\v1.3.7-1480004d18.clean\lib\modes/psych_44.h(44): warning C4244: 'initializing': conversion from 'double' to 'int', possible loss of data
E:\Electro\Disunited-States-of-America\vcpkg_installed\vcpkg\blds\libvorbis\src\v1.3.7-1480004d18.clean\lib\modes/psych_44.h(44): warning C4244: 'initializing': conversion from 'double' to 'int', possible loss of data
E:\Electro\Disunited-States-of-America\vcpkg_installed\vcpkg\blds\libvorbis\src\v1.3.7-1480004d18.clean\lib\modes/psych_44.h(44): warning C4244: 'initializing': conversion from 'double' to 'int', possible loss of data
E:\Electro\Disunited-States-of-America\vcpkg_installed\vcpkg\blds\libvorbis\src\v1.3.7-1480004d18.clean\lib\modes/psych_44.h(44): warning C4244: 'initializing': conversion from 'double' to 'int', possible loss of data
E:\Electro\Disunited-States-of-America\vcpkg_installed\vcpkg\blds\libvorbis\src\v1.3.7-1480004d18.clean\lib\modes/psych_44.h(50): warning C4244: 'initializing': conversion from 'double' to 'int', possible loss of data
E:\Electro\Disunited-States-of-America\vcpkg_installed\vcpkg\blds\libvorbis\src\v1.3.7-1480004d18.clean\lib\modes/psych_44.h(50): warning C4244: 'initializing': conversion from 'double' to 'int', possible loss of data
E:\Electro\Disunited-States-of-America\vcpkg_installed\vcpkg\blds\libvorbis\src\v1.3.7-1480004d18.clean\lib\modes/psych_44.h(50): warning C4244: 'initializing': conversion from 'double' to 'int', possible loss of data
E:\Electro\Disunited-States-of-America\vcpkg_installed\vcpkg\blds\libvorbis\src\v1.3.7-1480004d18.clean\lib\modes/psych_44.h(50): warning C4244: 'initializing': conversion from 'double' to 'int', possible loss of data
E:\Electro\Disunited-States-of-America\vcpkg_installed\vcpkg\blds\libvorbis\src\v1.3.7-1480004d18.clean\lib\modes/psych_44.h(50): warning C4244: 'initializing': conversion from 'double' to 'int', possible loss of data
E:\Electro\Disunited-States-of-America\vcpkg_installed\vcpkg\blds\libvorbis\src\v1.3.7-1480004d18.clean\lib\vorbisenc.c(247): warning C4244: '=': conversion from 'double' to 'float', possible loss of data
E:\Electro\Disunited-States-of-America\vcpkg_installed\vcpkg\blds\libvorbis\src\v1.3.7-1480004d18.clean\lib\vorbisenc.c(248): warning C4244: '=': conversion from 'double' to 'float', possible loss of data
E:\Electro\Disunited-States-of-America\vcpkg_installed\vcpkg\blds\libvorbis\src\v1.3.7-1480004d18.clean\lib\vorbisenc.c(250): warning C4244: '=': conversion from 'double' to 'float', possible loss of data
E:\Electro\Disunited-States-of-America\vcpkg_installed\vcpkg\blds\libvorbis\src\v1.3.7-1480004d18.clean\lib\vorbisenc.c(230): warning C4244: 'initializing': conversion from 'double' to 'int', possible loss of data
E:\Electro\Disunited-States-of-America\vcpkg_installed\vcpkg\blds\libvorbis\src\v1.3.7-1480004d18.clean\lib\vorbisenc.c(271): warning C4244: '=': conversion from 'double' to 'int', possible loss of data
E:\Electro\Disunited-States-of-America\vcpkg_installed\vcpkg\blds\libvorbis\src\v1.3.7-1480004d18.clean\lib\vorbisenc.c(272): warning C4244: '=': conversion from 'double' to 'int', possible loss of data
E:\Electro\Disunited-States-of-America\vcpkg_installed\vcpkg\blds\libvorbis\src\v1.3.7-1480004d18.clean\lib\vorbisenc.c(273): warning C4244: '=': conversion from 'float' to 'int', possible loss of data
E:\Electro\Disunited-States-of-America\vcpkg_installed\vcpkg\blds\libvorbis\src\v1.3.7-1480004d18.clean\lib\vorbisenc.c(275): warning C4244: '=': conversion from 'double' to 'float', possible loss of data
E:\Electro\Disunited-States-of-America\vcpkg_installed\vcpkg\blds\libvorbis\src\v1.3.7-1480004d18.clean\lib\vorbisenc.c(276): warning C4244: '=': conversion from 'double' to 'int', possible loss of data
E:\Electro\Disunited-States-of-America\vcpkg_installed\vcpkg\blds\libvorbis\src\v1.3.7-1480004d18.clean\lib\vorbisenc.c(277): warning C4244: '=': conversion from 'double' to 'int', possible loss of data
E:\Electro\Disunited-States-of-America\vcpkg_installed\vcpkg\blds\libvorbis\src\v1.3.7-1480004d18.clean\lib\vorbisenc.c(283): warning C4244: '=': conversion from 'double' to 'int', possible loss of data
E:\Electro\Disunited-States-of-America\vcpkg_installed\vcpkg\blds\libvorbis\src\v1.3.7-1480004d18.clean\lib\vorbisenc.c(284): warning C4244: '=': conversion from 'double' to 'int', possible loss of data
E:\Electro\Disunited-States-of-America\vcpkg_installed\vcpkg\blds\libvorbis\src\v1.3.7-1480004d18.clean\lib\vorbisenc.c(285): warning C4244: '=': conversion from 'float' to 'int', possible loss of data
E:\Electro\Disunited-States-of-America\vcpkg_installed\vcpkg\blds\libvorbis\src\v1.3.7-1480004d18.clean\lib\vorbisenc.c(288): warning C4244: '=': conversion from 'double' to 'float', possible loss of data
E:\Electro\Disunited-States-of-America\vcpkg_installed\vcpkg\blds\libvorbis\src\v1.3.7-1480004d18.clean\lib\vorbisenc.c(290): warning C4244: '=': conversion from 'double' to 'int', possible loss of data
E:\Electro\Disunited-States-of-America\vcpkg_installed\vcpkg\blds\libvorbis\src\v1.3.7-1480004d18.clean\lib\vorbisenc.c(291): warning C4244: '=': conversion from 'double' to 'int', possible loss of data
E:\Electro\Disunited-States-of-America\vcpkg_installed\vcpkg\blds\libvorbis\src\v1.3.7-1480004d18.clean\lib\vorbisenc.c(257): warning C4244: 'initializing': conversion from 'const double' to 'float', possible loss of data
E:\Electro\Disunited-States-of-America\vcpkg_installed\vcpkg\blds\libvorbis\src\v1.3.7-1480004d18.clean\lib\vorbisenc.c(258): warning C4244: 'initializing': conversion from 'float' to 'int', possible loss of data
E:\Electro\Disunited-States-of-America\vcpkg_installed\vcpkg\blds\libvorbis\src\v1.3.7-1480004d18.clean\lib\vorbisenc.c(270): warning C4244: 'initializing': conversion from 'double' to 'float', possible loss of data
E:\Electro\Disunited-States-of-America\vcpkg_installed\vcpkg\blds\libvorbis\src\v1.3.7-1480004d18.clean\lib\vorbisenc.c(281): warning C4244: 'initializing': conversion from 'double' to 'float', possible loss of data
E:\Electro\Disunited-States-of-America\vcpkg_installed\vcpkg\blds\libvorbis\src\v1.3.7-1480004d18.clean\lib\vorbisenc.c(311): warning C4244: 'initializing': conversion from 'double' to 'int', possible loss of data
E:\Electro\Disunited-States-of-America\vcpkg_installed\vcpkg\blds\libvorbis\src\v1.3.7-1480004d18.clean\lib\vorbisenc.c(344): warning C4244: '=': conversion from 'double' to 'float', possible loss of data
E:\Electro\Disunited-States-of-America\vcpkg_installed\vcpkg\blds\libvorbis\src\v1.3.7-1480004d18.clean\lib\vorbisenc.c(345): warning C4244: '=': conversion from 'double' to 'float', possible loss of data
E:\Electro\Disunited-States-of-America\vcpkg_installed\vcpkg\blds\libvorbis\src\v1.3.7-1480004d18.clean\lib\vorbisenc.c(346): warning C4244: '=': conversion from 'double' to 'float', possible loss of data
E:\Electro\Disunited-States-of-America\vcpkg_installed\vcpkg\blds\libvorbis\src\v1.3.7-1480004d18.clean\lib\vorbisenc.c(347): warning C4244: '=': conversion from 'double' to 'float', possible loss of data
E:\Electro\Disunited-States-of-America\vcpkg_installed\vcpkg\blds\libvorbis\src\v1.3.7-1480004d18.clean\lib\vorbisenc.c(348): warning C4244: '=': conversion from 'double' to 'float', possible loss of data
E:\Electro\Disunited-States-of-America\vcpkg_installed\vcpkg\blds\libvorbis\src\v1.3.7-1480004d18.clean\lib\vorbisenc.c(350): warning C4244: '=': conversion from 'double' to 'float', possible loss of data
E:\Electro\Disunited-States-of-America\vcpkg_installed\vcpkg\blds\libvorbis\src\v1.3.7-1480004d18.clean\lib\vorbisenc.c(353): warning C4244: '=': conversion from 'double' to 'float', possible loss of data
E:\Electro\Disunited-States-of-America\vcpkg_installed\vcpkg\blds\libvorbis\src\v1.3.7-1480004d18.clean\lib\vorbisenc.c(337): warning C4244: 'initializing': conversion from 'double' to 'int', possible loss of data
E:\Electro\Disunited-States-of-America\vcpkg_installed\vcpkg\blds\libvorbis\src\v1.3.7-1480004d18.clean\lib\vorbisenc.c(376): warning C4244: '=': conversion from 'double' to 'float', possible loss of data
E:\Electro\Disunited-States-of-America\vcpkg_installed\vcpkg\blds\libvorbis\src\v1.3.7-1480004d18.clean\lib\vorbisenc.c(361): warning C4244: 'initializing': conversion from 'double' to 'int', possible loss of data
E:\Electro\Disunited-States-of-America\vcpkg_installed\vcpkg\blds\libvorbis\src\v1.3.7-1480004d18.clean\lib\vorbisenc.c(387): warning C4244: '=': conversion from 'double' to 'float', possible loss of data
E:\Electro\Disunited-States-of-America\vcpkg_installed\vcpkg\blds\libvorbis\src\v1.3.7-1480004d18.clean\lib\vorbisenc.c(382): warning C4244: 'initializing': conversion from 'double' to 'int', possible loss of data
E:\Electro\Disunited-States-of-America\vcpkg_installed\vcpkg\blds\libvorbis\src\v1.3.7-1480004d18.clean\lib\vorbisenc.c(402): warning C4244: '=': conversion from 'double' to 'float', possible loss of data
E:\Electro\Disunited-States-of-America\vcpkg_installed\vcpkg\blds\libvorbis\src\v1.3.7-1480004d18.clean\lib\vorbisenc.c(409): warning C4244: '=': conversion from 'double' to 'float', possible loss of data
E:\Electro\Disunited-States-of-America\vcpkg_installed\vcpkg\blds\libvorbis\src\v1.3.7-1480004d18.clean\lib\vorbisenc.c(416): warning C4244: '+=': conversion from 'double' to 'float', possible loss of data
E:\Electro\Disunited-States-of-America\vcpkg_installed\vcpkg\blds\libvorbis\src\v1.3.7-1480004d18.clean\lib\vorbisenc.c(397): warning C4244: 'initializing': conversion from 'double' to 'int', possible loss of data
E:\Electro\Disunited-States-of-America\vcpkg_installed\vcpkg\blds\libvorbis\src\v1.3.7-1480004d18.clean\lib\vorbisenc.c(428): warning C4244: '=': conversion from 'double' to 'float', possible loss of data
E:\Electro\Disunited-States-of-America\vcpkg_installed\vcpkg\blds\libvorbis\src\v1.3.7-1480004d18.clean\lib\vorbisenc.c(429): warning C4244: '=': conversion from 'double' to 'float', possible loss of data
E:\Electro\Disunited-States-of-America\vcpkg_installed\vcpkg\blds\libvorbis\src\v1.3.7-1480004d18.clean\lib\vorbisenc.c(446): warning C4244: 'initializing': conversion from 'double' to 'int', possible loss of data
E:\Electro\Disunited-States-of-America\vcpkg_installed\vcpkg\blds\libvorbis\src\v1.3.7-1480004d18.clean\lib\vorbisenc.c(528): warning C4244: '=': conversion from 'double' to 'int', possible loss of data
E:\Electro\Disunited-States-of-America\vcpkg_installed\vcpkg\blds\libvorbis\src\v1.3.7-1480004d18.clean\lib\vorbisenc.c(592): warning C4244: 'initializing': conversion from 'double' to 'int', possible loss of data
E:\Electro\Disunited-States-of-America\vcpkg_installed\vcpkg\blds\libvorbis\src\v1.3.7-1480004d18.clean\lib\vorbisenc.c(621): warning C4244: 'initializing': conversion from 'double' to 'int', possible loss of data
E:\Electro\Disunited-States-of-America\vcpkg_installed\vcpkg\blds\libvorbis\src\v1.3.7-1480004d18.clean\lib\vorbisenc.c(658): warning C4244: 'initializing': conversion from 'const double' to 'float', possible loss of data
E:\Electro\Disunited-States-of-America\vcpkg_installed\vcpkg\blds\libvorbis\src\v1.3.7-1480004d18.clean\lib\vorbisenc.c(659): warning C4244: 'initializing': conversion from 'const double' to 'float', possible loss of data
E:\Electro\Disunited-States-of-America\vcpkg_installed\vcpkg\blds\libvorbis\src\v1.3.7-1480004d18.clean\lib\vorbisenc.c(660): warning C4244: 'initializing': conversion from 'double' to 'float', possible loss of data
E:\Electro\Disunited-States-of-America\vcpkg_installed\vcpkg\blds\libvorbis\src\v1.3.7-1480004d18.clean\lib\vorbisenc.c(717): warning C4244: 'function': conversion from 'double' to 'int', possible loss of data
E:\Electro\Disunited-States-of-America\vcpkg_installed\vcpkg\blds\libvorbis\src\v1.3.7-1480004d18.clean\lib\vorbisenc.c(834): warning C4244: '=': conversion from 'double' to 'long', possible loss of data
E:\Electro\Disunited-States-of-America\vcpkg_installed\vcpkg\blds\libvorbis\src\v1.3.7-1480004d18.clean\lib\vorbisenc.c(840): warning C4244: '=': conversion from 'double' to 'long', possible loss of data
E:\Electro\Disunited-States-of-America\vcpkg_installed\vcpkg\blds\libvorbis\src\v1.3.7-1480004d18.clean\lib\vorbisenc.c(842): warning C4244: '=': conversion from 'double' to 'long', possible loss of data
E:\Electro\Disunited-States-of-America\vcpkg_installed\vcpkg\blds\libvorbis\src\v1.3.7-1480004d18.clean\lib\vorbisenc.c(877): warning C4244: '=': conversion from 'double' to 'int', possible loss of data
E:\Electro\Disunited-States-of-America\vcpkg_installed\vcpkg\blds\libvorbis\src\v1.3.7-1480004d18.clean\lib\vorbisenc.c(913): warning C4305: '+=': truncation from 'double' to 'float'
E:\Electro\Disunited-States-of-America\vcpkg_installed\vcpkg\blds\libvorbis\src\v1.3.7-1480004d18.clean\lib\vorbisenc.c(914): warning C4305: '=': truncation from 'double' to 'float'
E:\Electro\Disunited-States-of-America\vcpkg_installed\vcpkg\blds\libvorbis\src\v1.3.7-1480004d18.clean\lib\vorbisenc.c(967): warning C4244: '=': conversion from 'double' to 'long', possible loss of data
E:\Electro\Disunited-States-of-America\vcpkg_installed\vcpkg\blds\libvorbis\src\v1.3.7-1480004d18.clean\lib\vorbisenc.c(969): warning C4244: '=': conversion from 'double' to 'long', possible loss of data
E:\Electro\Disunited-States-of-America\vcpkg_installed\vcpkg\blds\libvorbis\src\v1.3.7-1480004d18.clean\lib\vorbisenc.c(979): warning C4244: '=': conversion from 'long' to 'float', possible loss of data
E:\Electro\Disunited-States-of-America\vcpkg_installed\vcpkg\blds\libvorbis\src\v1.3.7-1480004d18.clean\lib\vorbisenc.c(990): warning C4244: '=': conversion from 'double' to 'long', possible loss of data
E:\Electro\Disunited-States-of-America\vcpkg_installed\vcpkg\blds\libvorbis\src\v1.3.7-1480004d18.clean\lib\vorbisenc.c(1074): warning C4244: '=': conversion from 'double' to 'long', possible loss of data
E:\Electro\Disunited-States-of-America\vcpkg_installed\vcpkg\blds\libvorbis\src\v1.3.7-1480004d18.clean\lib\vorbisenc.c(1090): warning C4244: '=': conversion from 'double' to 'long', possible loss of data
E:\Electro\Disunited-States-of-America\vcpkg_installed\vcpkg\blds\libvorbis\src\v1.3.7-1480004d18.clean\lib\vorbisenc.c(1093): warning C4244: '=': conversion from 'double' to 'long', possible loss of data
[23/27] E:\vs2022\VC\Tools\MSVC\14.36.32532\bin\Hostx64\x86\cl.exe   -D_CRT_NONSTDC_NO_DEPRECATE -D_CRT_SECURE_NO_DEPRECATE -D_CRT_SECURE_NO_WARNINGS -Dvorbis_EXPORTS -IE:\Electro\Disunited-States-of-America\vcpkg_installed\vcpkg\blds\libvorbis\src\v1.3.7-1480004d18.clean\include -IE:\Electro\Disunited-States-of-America\vcpkg_installed\vcpkg\blds\libvorbis\src\v1.3.7-1480004d18.clean\lib -external:IE:\Electro\Disunited-States-of-America\vcpkg_installed\x86-windows\include -external:W0 /nologo /DWIN32 /D_WINDOWS /W3 /utf-8 /MP  /D_DEBUG /MDd /Z7 /Ob0 /Od /RTC1 /showIncludes /Folib\CMakeFiles\vorbis.dir\vorbisenc.c.obj /Fdlib\CMakeFiles\vorbis.dir\ /FS -c E:\Electro\Disunited-States-of-America\vcpkg_installed\vcpkg\blds\libvorbis\src\v1.3.7-1480004d18.clean\lib\vorbisenc.c
E:\Electro\Disunited-States-of-America\vcpkg_installed\vcpkg\blds\libvorbis\src\v1.3.7-1480004d18.clean\lib\modes/psych_44.h(26): warning C4244: 'initializing': conversion from 'double' to 'int', possible loss of data
E:\Electro\Disunited-States-of-America\vcpkg_installed\vcpkg\blds\libvorbis\src\v1.3.7-1480004d18.clean\lib\modes/psych_44.h(26): warning C4244: 'initializing': conversion from 'double' to 'int', possible loss of data
E:\Electro\Disunited-States-of-America\vcpkg_installed\vcpkg\blds\libvorbis\src\v1.3.7-1480004d18.clean\lib\modes/psych_44.h(26): warning C4244: 'initializing': conversion from 'double' to 'int', possible loss of data
E:\Electro\Disunited-States-of-America\vcpkg_installed\vcpkg\blds\libvorbis\src\v1.3.7-1480004d18.clean\lib\modes/psych_44.h(26): warning C4244: 'initializing': conversion from 'double' to 'int', possible loss of data
E:\Electro\Disunited-States-of-America\vcpkg_installed\vcpkg\blds\libvorbis\src\v1.3.7-1480004d18.clean\lib\modes/psych_44.h(26): warning C4244: 'initializing': conversion from 'double' to 'int', possible loss of data
E:\Electro\Disunited-States-of-America\vcpkg_installed\vcpkg\blds\libvorbis\src\v1.3.7-1480004d18.clean\lib\modes/psych_44.h(32): warning C4244: 'initializing': conversion from 'double' to 'int', possible loss of data
E:\Electro\Disunited-States-of-America\vcpkg_installed\vcpkg\blds\libvorbis\src\v1.3.7-1480004d18.clean\lib\modes/psych_44.h(32): warning C4244: 'initializing': conversion from 'double' to 'int', possible loss of data
E:\Electro\Disunited-States-of-America\vcpkg_installed\vcpkg\blds\libvorbis\src\v1.3.7-1480004d18.clean\lib\modes/psych_44.h(32): warning C4244: 'initializing': conversion from 'double' to 'int', possible loss of data
E:\Electro\Disunited-States-of-America\vcpkg_installed\vcpkg\blds\libvorbis\src\v1.3.7-1480004d18.clean\lib\modes/psych_44.h(32): warning C4244: 'initializing': conversion from 'double' to 'int', possible loss of data
E:\Electro\Disunited-States-of-America\vcpkg_installed\vcpkg\blds\libvorbis\src\v1.3.7-1480004d18.clean\lib\modes/psych_44.h(32): warning C4244: 'initializing': conversion from 'double' to 'int', possible loss of data
E:\Electro\Disunited-States-of-America\vcpkg_installed\vcpkg\blds\libvorbis\src\v1.3.7-1480004d18.clean\lib\modes/psych_44.h(38): warning C4244: 'initializing': conversion from 'double' to 'int', possible loss of data
E:\Electro\Disunited-States-of-America\vcpkg_installed\vcpkg\blds\libvorbis\src\v1.3.7-1480004d18.clean\lib\modes/psych_44.h(38): warning C4244: 'initializing': conversion from 'double' to 'int', possible loss of data
E:\Electro\Disunited-States-of-America\vcpkg_installed\vcpkg\blds\libvorbis\src\v1.3.7-1480004d18.clean\lib\modes/psych_44.h(38): warning C4244: 'initializing': conversion from 'double' to 'int', possible loss of data
E:\Electro\Disunited-States-of-America\vcpkg_installed\vcpkg\blds\libvorbis\src\v1.3.7-1480004d18.clean\lib\modes/psych_44.h(38): warning C4244: 'initializing': conversion from 'double' to 'int', possible loss of data
E:\Electro\Disunited-States-of-America\vcpkg_installed\vcpkg\blds\libvorbis\src\v1.3.7-1480004d18.clean\lib\modes/psych_44.h(38): warning C4244: 'initializing': conversion from 'double' to 'int', possible loss of data
E:\Electro\Disunited-States-of-America\vcpkg_installed\vcpkg\blds\libvorbis\src\v1.3.7-1480004d18.clean\lib\modes/psych_44.h(44): warning C4244: 'initializing': conversion from 'double' to 'int', possible loss of data
E:\Electro\Disunited-States-of-America\vcpkg_installed\vcpkg\blds\libvorbis\src\v1.3.7-1480004d18.clean\lib\modes/psych_44.h(44): warning C4244: 'initializing': conversion from 'double' to 'int', possible loss of data
E:\Electro\Disunited-States-of-America\vcpkg_installed\vcpkg\blds\libvorbis\src\v1.3.7-1480004d18.clean\lib\modes/psych_44.h(44): warning C4244: 'initializing': conversion from 'double' to 'int', possible loss of data
E:\Electro\Disunited-States-of-America\vcpkg_installed\vcpkg\blds\libvorbis\src\v1.3.7-1480004d18.clean\lib\modes/psych_44.h(44): warning C4244: 'initializing': conversion from 'double' to 'int', possible loss of data
E:\Electro\Disunited-States-of-America\vcpkg_installed\vcpkg\blds\libvorbis\src\v1.3.7-1480004d18.clean\lib\modes/psych_44.h(44): warning C4244: 'initializing': conversion from 'double' to 'int', possible loss of data
E:\Electro\Disunited-States-of-America\vcpkg_installed\vcpkg\blds\libvorbis\src\v1.3.7-1480004d18.clean\lib\modes/psych_44.h(50): warning C4244: 'initializing': conversion from 'double' to 'int', possible loss of data
E:\Electro\Disunited-States-of-America\vcpkg_installed\vcpkg\blds\libvorbis\src\v1.3.7-1480004d18.clean\lib\modes/psych_44.h(50): warning C4244: 'initializing': conversion from 'double' to 'int', possible loss of data
E:\Electro\Disunited-States-of-America\vcpkg_installed\vcpkg\blds\libvorbis\src\v1.3.7-1480004d18.clean\lib\modes/psych_44.h(50): warning C4244: 'initializing': conversion from 'double' to 'int', possible loss of data
E:\Electro\Disunited-States-of-America\vcpkg_installed\vcpkg\blds\libvorbis\src\v1.3.7-1480004d18.clean\lib\modes/psych_44.h(50): warning C4244: 'initializing': conversion from 'double' to 'int', possible loss of data
E:\Electro\Disunited-States-of-America\vcpkg_installed\vcpkg\blds\libvorbis\src\v1.3.7-1480004d18.clean\lib\modes/psych_44.h(50): warning C4244: 'initializing': conversion from 'double' to 'int', possible loss of data
E:\Electro\Disunited-States-of-America\vcpkg_installed\vcpkg\blds\libvorbis\src\v1.3.7-1480004d18.clean\lib\vorbisenc.c(247): warning C4244: '=': conversion from 'double' to 'float', possible loss of data
E:\Electro\Disunited-States-of-America\vcpkg_installed\vcpkg\blds\libvorbis\src\v1.3.7-1480004d18.clean\lib\vorbisenc.c(248): warning C4244: '=': conversion from 'double' to 'float', possible loss of data
E:\Electro\Disunited-States-of-America\vcpkg_installed\vcpkg\blds\libvorbis\src\v1.3.7-1480004d18.clean\lib\vorbisenc.c(250): warning C4244: '=': conversion from 'double' to 'float', possible loss of data
E:\Electro\Disunited-States-of-America\vcpkg_installed\vcpkg\blds\libvorbis\src\v1.3.7-1480004d18.clean\lib\vorbisenc.c(230): warning C4244: 'initializing': conversion from 'double' to 'int', possible loss of data
E:\Electro\Disunited-States-of-America\vcpkg_installed\vcpkg\blds\libvorbis\src\v1.3.7-1480004d18.clean\lib\vorbisenc.c(271): warning C4244: '=': conversion from 'double' to 'int', possible loss of data
E:\Electro\Disunited-States-of-America\vcpkg_installed\vcpkg\blds\libvorbis\src\v1.3.7-1480004d18.clean\lib\vorbisenc.c(272): warning C4244: '=': conversion from 'double' to 'int', possible loss of data
E:\Electro\Disunited-States-of-America\vcpkg_installed\vcpkg\blds\libvorbis\src\v1.3.7-1480004d18.clean\lib\vorbisenc.c(273): warning C4244: '=': conversion from 'float' to 'int', possible loss of data
E:\Electro\Disunited-States-of-America\vcpkg_installed\vcpkg\blds\libvorbis\src\v1.3.7-1480004d18.clean\lib\vorbisenc.c(275): warning C4244: '=': conversion from 'double' to 'float', possible loss of data
E:\Electro\Disunited-States-of-America\vcpkg_installed\vcpkg\blds\libvorbis\src\v1.3.7-1480004d18.clean\lib\vorbisenc.c(276): warning C4244: '=': conversion from 'double' to 'int', possible loss of data
E:\Electro\Disunited-States-of-America\vcpkg_installed\vcpkg\blds\libvorbis\src\v1.3.7-1480004d18.clean\lib\vorbisenc.c(277): warning C4244: '=': conversion from 'double' to 'int', possible loss of data
E:\Electro\Disunited-States-of-America\vcpkg_installed\vcpkg\blds\libvorbis\src\v1.3.7-1480004d18.clean\lib\vorbisenc.c(283): warning C4244: '=': conversion from 'double' to 'int', possible loss of data
E:\Electro\Disunited-States-of-America\vcpkg_installed\vcpkg\blds\libvorbis\src\v1.3.7-1480004d18.clean\lib\vorbisenc.c(284): warning C4244: '=': conversion from 'double' to 'int', possible loss of data
E:\Electro\Disunited-States-of-America\vcpkg_installed\vcpkg\blds\libvorbis\src\v1.3.7-1480004d18.clean\lib\vorbisenc.c(285): warning C4244: '=': conversion from 'float' to 'int', possible loss of data
E:\Electro\Disunited-States-of-America\vcpkg_installed\vcpkg\blds\libvorbis\src\v1.3.7-1480004d18.clean\lib\vorbisenc.c(288): warning C4244: '=': conversion from 'double' to 'float', possible loss of data
E:\Electro\Disunited-States-of-America\vcpkg_installed\vcpkg\blds\libvorbis\src\v1.3.7-1480004d18.clean\lib\vorbisenc.c(290): warning C4244: '=': conversion from 'double' to 'int', possible loss of data
E:\Electro\Disunited-States-of-America\vcpkg_installed\vcpkg\blds\libvorbis\src\v1.3.7-1480004d18.clean\lib\vorbisenc.c(291): warning C4244: '=': conversion from 'double' to 'int', possible loss of data
E:\Electro\Disunited-States-of-America\vcpkg_installed\vcpkg\blds\libvorbis\src\v1.3.7-1480004d18.clean\lib\vorbisenc.c(257): warning C4244: 'initializing': conversion from 'const double' to 'float', possible loss of data
E:\Electro\Disunited-States-of-America\vcpkg_installed\vcpkg\blds\libvorbis\src\v1.3.7-1480004d18.clean\lib\vorbisenc.c(258): warning C4244: 'initializing': conversion from 'float' to 'int', possible loss of data
E:\Electro\Disunited-States-of-America\vcpkg_installed\vcpkg\blds\libvorbis\src\v1.3.7-1480004d18.clean\lib\vorbisenc.c(270): warning C4244: 'initializing': conversion from 'double' to 'float', possible loss of data
E:\Electro\Disunited-States-of-America\vcpkg_installed\vcpkg\blds\libvorbis\src\v1.3.7-1480004d18.clean\lib\vorbisenc.c(281): warning C4244: 'initializing': conversion from 'double' to 'float', possible loss of data
E:\Electro\Disunited-States-of-America\vcpkg_installed\vcpkg\blds\libvorbis\src\v1.3.7-1480004d18.clean\lib\vorbisenc.c(311): warning C4244: 'initializing': conversion from 'double' to 'int', possible loss of data
E:\Electro\Disunited-States-of-America\vcpkg_installed\vcpkg\blds\libvorbis\src\v1.3.7-1480004d18.clean\lib\vorbisenc.c(344): warning C4244: '=': conversion from 'double' to 'float', possible loss of data
E:\Electro\Disunited-States-of-America\vcpkg_installed\vcpkg\blds\libvorbis\src\v1.3.7-1480004d18.clean\lib\vorbisenc.c(345): warning C4244: '=': conversion from 'double' to 'float', possible loss of data
E:\Electro\Disunited-States-of-America\vcpkg_installed\vcpkg\blds\libvorbis\src\v1.3.7-1480004d18.clean\lib\vorbisenc.c(346): warning C4244: '=': conversion from 'double' to 'float', possible loss of data
E:\Electro\Disunited-States-of-America\vcpkg_installed\vcpkg\blds\libvorbis\src\v1.3.7-1480004d18.clean\lib\vorbisenc.c(347): warning C4244: '=': conversion from 'double' to 'float', possible loss of data
E:\Electro\Disunited-States-of-America\vcpkg_installed\vcpkg\blds\libvorbis\src\v1.3.7-1480004d18.clean\lib\vorbisenc.c(348): warning C4244: '=': conversion from 'double' to 'float', possible loss of data
E:\Electro\Disunited-States-of-America\vcpkg_installed\vcpkg\blds\libvorbis\src\v1.3.7-1480004d18.clean\lib\vorbisenc.c(350): warning C4244: '=': conversion from 'double' to 'float', possible loss of data
E:\Electro\Disunited-States-of-America\vcpkg_installed\vcpkg\blds\libvorbis\src\v1.3.7-1480004d18.clean\lib\vorbisenc.c(353): warning C4244: '=': conversion from 'double' to 'float', possible loss of data
E:\Electro\Disunited-States-of-America\vcpkg_installed\vcpkg\blds\libvorbis\src\v1.3.7-1480004d18.clean\lib\vorbisenc.c(337): warning C4244: 'initializing': conversion from 'double' to 'int', possible loss of data
E:\Electro\Disunited-States-of-America\vcpkg_installed\vcpkg\blds\libvorbis\src\v1.3.7-1480004d18.clean\lib\vorbisenc.c(376): warning C4244: '=': conversion from 'double' to 'float', possible loss of data
E:\Electro\Disunited-States-of-America\vcpkg_installed\vcpkg\blds\libvorbis\src\v1.3.7-1480004d18.clean\lib\vorbisenc.c(361): warning C4244: 'initializing': conversion from 'double' to 'int', possible loss of data
E:\Electro\Disunited-States-of-America\vcpkg_installed\vcpkg\blds\libvorbis\src\v1.3.7-1480004d18.clean\lib\vorbisenc.c(387): warning C4244: '=': conversion from 'double' to 'float', possible loss of data
E:\Electro\Disunited-States-of-America\vcpkg_installed\vcpkg\blds\libvorbis\src\v1.3.7-1480004d18.clean\lib\vorbisenc.c(382): warning C4244: 'initializing': conversion from 'double' to 'int', possible loss of data
E:\Electro\Disunited-States-of-America\vcpkg_installed\vcpkg\blds\libvorbis\src\v1.3.7-1480004d18.clean\lib\vorbisenc.c(402): warning C4244: '=': conversion from 'double' to 'float', possible loss of data
E:\Electro\Disunited-States-of-America\vcpkg_installed\vcpkg\blds\libvorbis\src\v1.3.7-1480004d18.clean\lib\vorbisenc.c(409): warning C4244: '=': conversion from 'double' to 'float', possible loss of data
E:\Electro\Disunited-States-of-America\vcpkg_installed\vcpkg\blds\libvorbis\src\v1.3.7-1480004d18.clean\lib\vorbisenc.c(416): warning C4244: '+=': conversion from 'double' to 'float', possible loss of data
E:\Electro\Disunited-States-of-America\vcpkg_installed\vcpkg\blds\libvorbis\src\v1.3.7-1480004d18.clean\lib\vorbisenc.c(397): warning C4244: 'initializing': conversion from 'double' to 'int', possible loss of data
E:\Electro\Disunited-States-of-America\vcpkg_installed\vcpkg\blds\libvorbis\src\v1.3.7-1480004d18.clean\lib\vorbisenc.c(428): warning C4244: '=': conversion from 'double' to 'float', possible loss of data
E:\Electro\Disunited-States-of-America\vcpkg_installed\vcpkg\blds\libvorbis\src\v1.3.7-1480004d18.clean\lib\vorbisenc.c(429): warning C4244: '=': conversion from 'double' to 'float', possible loss of data
E:\Electro\Disunited-States-of-America\vcpkg_installed\vcpkg\blds\libvorbis\src\v1.3.7-1480004d18.clean\lib\vorbisenc.c(446): warning C4244: 'initializing': conversion from 'double' to 'int', possible loss of data
E:\Electro\Disunited-States-of-America\vcpkg_installed\vcpkg\blds\libvorbis\src\v1.3.7-1480004d18.clean\lib\vorbisenc.c(528): warning C4244: '=': conversion from 'double' to 'int', possible loss of data
E:\Electro\Disunited-States-of-America\vcpkg_installed\vcpkg\blds\libvorbis\src\v1.3.7-1480004d18.clean\lib\vorbisenc.c(592): warning C4244: 'initializing': conversion from 'double' to 'int', possible loss of data
E:\Electro\Disunited-States-of-America\vcpkg_installed\vcpkg\blds\libvorbis\src\v1.3.7-1480004d18.clean\lib\vorbisenc.c(621): warning C4244: 'initializing': conversion from 'double' to 'int', possible loss of data
E:\Electro\Disunited-States-of-America\vcpkg_installed\vcpkg\blds\libvorbis\src\v1.3.7-1480004d18.clean\lib\vorbisenc.c(658): warning C4244: 'initializing': conversion from 'const double' to 'float', possible loss of data
E:\Electro\Disunited-States-of-America\vcpkg_installed\vcpkg\blds\libvorbis\src\v1.3.7-1480004d18.clean\lib\vorbisenc.c(659): warning C4244: 'initializing': conversion from 'const double' to 'float', possible loss of data
E:\Electro\Disunited-States-of-America\vcpkg_installed\vcpkg\blds\libvorbis\src\v1.3.7-1480004d18.clean\lib\vorbisenc.c(660): warning C4244: 'initializing': conversion from 'double' to 'float', possible loss of data
E:\Electro\Disunited-States-of-America\vcpkg_installed\vcpkg\blds\libvorbis\src\v1.3.7-1480004d18.clean\lib\vorbisenc.c(717): warning C4244: 'function': conversion from 'double' to 'int', possible loss of data
E:\Electro\Disunited-States-of-America\vcpkg_installed\vcpkg\blds\libvorbis\src\v1.3.7-1480004d18.clean\lib\vorbisenc.c(834): warning C4244: '=': conversion from 'double' to 'long', possible loss of data
E:\Electro\Disunited-States-of-America\vcpkg_installed\vcpkg\blds\libvorbis\src\v1.3.7-1480004d18.clean\lib\vorbisenc.c(840): warning C4244: '=': conversion from 'double' to 'long', possible loss of data
E:\Electro\Disunited-States-of-America\vcpkg_installed\vcpkg\blds\libvorbis\src\v1.3.7-1480004d18.clean\lib\vorbisenc.c(842): warning C4244: '=': conversion from 'double' to 'long', possible loss of data
E:\Electro\Disunited-States-of-America\vcpkg_installed\vcpkg\blds\libvorbis\src\v1.3.7-1480004d18.clean\lib\vorbisenc.c(877): warning C4244: '=': conversion from 'double' to 'int', possible loss of data
E:\Electro\Disunited-States-of-America\vcpkg_installed\vcpkg\blds\libvorbis\src\v1.3.7-1480004d18.clean\lib\vorbisenc.c(913): warning C4305: '+=': truncation from 'double' to 'float'
E:\Electro\Disunited-States-of-America\vcpkg_installed\vcpkg\blds\libvorbis\src\v1.3.7-1480004d18.clean\lib\vorbisenc.c(914): warning C4305: '=': truncation from 'double' to 'float'
E:\Electro\Disunited-States-of-America\vcpkg_installed\vcpkg\blds\libvorbis\src\v1.3.7-1480004d18.clean\lib\vorbisenc.c(967): warning C4244: '=': conversion from 'double' to 'long', possible loss of data
E:\Electro\Disunited-States-of-America\vcpkg_installed\vcpkg\blds\libvorbis\src\v1.3.7-1480004d18.clean\lib\vorbisenc.c(969): warning C4244: '=': conversion from 'double' to 'long', possible loss of data
E:\Electro\Disunited-States-of-America\vcpkg_installed\vcpkg\blds\libvorbis\src\v1.3.7-1480004d18.clean\lib\vorbisenc.c(979): warning C4244: '=': conversion from 'long' to 'float', possible loss of data
E:\Electro\Disunited-States-of-America\vcpkg_installed\vcpkg\blds\libvorbis\src\v1.3.7-1480004d18.clean\lib\vorbisenc.c(990): warning C4244: '=': conversion from 'double' to 'long', possible loss of data
E:\Electro\Disunited-States-of-America\vcpkg_installed\vcpkg\blds\libvorbis\src\v1.3.7-1480004d18.clean\lib\vorbisenc.c(1074): warning C4244: '=': conversion from 'double' to 'long', possible loss of data
E:\Electro\Disunited-States-of-America\vcpkg_installed\vcpkg\blds\libvorbis\src\v1.3.7-1480004d18.clean\lib\vorbisenc.c(1090): warning C4244: '=': conversion from 'double' to 'long', possible loss of data
E:\Electro\Disunited-States-of-America\vcpkg_installed\vcpkg\blds\libvorbis\src\v1.3.7-1480004d18.clean\lib\vorbisenc.c(1093): warning C4244: '=': conversion from 'double' to 'long', possible loss of data
[24/27] cmd.exe /C "cd . && C:\Users\segfault\AppData\Local\vcpkg\downloads\tools\cmake-3.27.1-windows\cmake-3.27.1-windows-i386\bin\cmake.exe -E vs_link_dll --intdir=lib\CMakeFiles\vorbis.dir --rc=C:\PROGRA~2\WI3CF2~1\10\bin\100220~1.0\x64\rc.exe --mt=C:\PROGRA~2\WI3CF2~1\10\bin\100220~1.0\x64\mt.exe --manifests  -- E:\vs2022\VC\Tools\MSVC\14.36.32532\bin\Hostx64\x86\link.exe  lib\CMakeFiles\vorbis.dir\mdct.c.obj lib\CMakeFiles\vorbis.dir\smallft.c.obj lib\CMakeFiles\vorbis.dir\block.c.obj lib\CMakeFiles\vorbis.dir\envelope.c.obj lib\CMakeFiles\vorbis.dir\window.c.obj lib\CMakeFiles\vorbis.dir\lsp.c.obj lib\CMakeFiles\vorbis.dir\lpc.c.obj lib\CMakeFiles\vorbis.dir\analysis.c.obj lib\CMakeFiles\vorbis.dir\synthesis.c.obj lib\CMakeFiles\vorbis.dir\psy.c.obj lib\CMakeFiles\vorbis.dir\info.c.obj lib\CMakeFiles\vorbis.dir\floor1.c.obj lib\CMakeFiles\vorbis.dir\floor0.c.obj lib\CMakeFiles\vorbis.dir\res0.c.obj lib\CMakeFiles\vorbis.dir\mapping0.c.obj lib\CMakeFiles\vorbis.dir\registry.c.obj lib\CMakeFiles\vorbis.dir\codebook.c.obj lib\CMakeFiles\vorbis.dir\sharedbook.c.obj lib\CMakeFiles\vorbis.dir\lookup.c.obj lib\CMakeFiles\vorbis.dir\bitrate.c.obj lib\CMakeFiles\vorbis.dir\vorbisenc.c.obj  /out:lib\vorbis.dll /implib:lib\vorbis.lib /pdb:lib\vorbis.pdb /dll /version:0.0 /machine:X86 /nologo    /debug /INCREMENTAL  /DEF:E:\Electro\Disunited-States-of-America\vcpkg_installed\vcpkg\blds\libvorbis\src\v1.3.7-1480004d18.clean\win32\vorbis.def  E:\Electro\Disunited-States-of-America\vcpkg_installed\x86-windows\debug\lib\ogg.lib  kernel32.lib user32.lib gdi32.lib winspool.lib shell32.lib ole32.lib oleaut32.lib uuid.lib comdlg32.lib advapi32.lib  && cd ."
[25/27] cmd.exe /C "cd . && C:\Users\segfault\AppData\Local\vcpkg\downloads\tools\cmake-3.27.1-windows\cmake-3.27.1-windows-i386\bin\cmake.exe -E vs_link_dll --intdir=lib\CMakeFiles\vorbisenc.dir --rc=C:\PROGRA~2\WI3CF2~1\10\bin\100220~1.0\x64\rc.exe --mt=C:\PROGRA~2\WI3CF2~1\10\bin\100220~1.0\x64\mt.exe --manifests  -- E:\vs2022\VC\Tools\MSVC\14.36.32532\bin\Hostx64\x86\link.exe  lib\CMakeFiles\vorbisenc.dir\vorbisenc.c.obj  /out:lib\vorbisenc.dll /implib:lib\vorbisenc.lib /pdb:lib\vorbisenc.pdb /dll /version:0.0 /machine:X86 /nologo    /debug /INCREMENTAL  /DEF:E:\Electro\Disunited-States-of-America\vcpkg_installed\vcpkg\blds\libvorbis\src\v1.3.7-1480004d18.clean\win32\vorbisenc.def  lib\vorbis.lib  E:\Electro\Disunited-States-of-America\vcpkg_installed\x86-windows\debug\lib\ogg.lib  kernel32.lib user32.lib gdi32.lib winspool.lib shell32.lib ole32.lib oleaut32.lib uuid.lib comdlg32.lib advapi32.lib  && cd ."
[26/27] cmd.exe /C "cd . && C:\Users\segfault\AppData\Local\vcpkg\downloads\tools\cmake-3.27.1-windows\cmake-3.27.1-windows-i386\bin\cmake.exe -E vs_link_dll --intdir=lib\CMakeFiles\vorbisfile.dir --rc=C:\PROGRA~2\WI3CF2~1\10\bin\100220~1.0\x64\rc.exe --mt=C:\PROGRA~2\WI3CF2~1\10\bin\100220~1.0\x64\mt.exe --manifests  -- E:\vs2022\VC\Tools\MSVC\14.36.32532\bin\Hostx64\x86\link.exe  lib\CMakeFiles\vorbisfile.dir\vorbisfile.c.obj  /out:lib\vorbisfile.dll /implib:lib\vorbisfile.lib /pdb:lib\vorbisfile.pdb /dll /version:0.0 /machine:X86 /nologo    /debug /INCREMENTAL  /DEF:E:\Electro\Disunited-States-of-America\vcpkg_installed\vcpkg\blds\libvorbis\src\v1.3.7-1480004d18.clean\win32\vorbisfile.def  lib\vorbis.lib  E:\Electro\Disunited-States-of-America\vcpkg_installed\x86-windows\debug\lib\ogg.lib  kernel32.lib user32.lib gdi32.lib winspool.lib shell32.lib ole32.lib oleaut32.lib uuid.lib comdlg32.lib advapi32.lib  && cd ."
[26/27] cmd.exe /C "cd /D E:\Electro\Disunited-States-of-America\vcpkg_installed\vcpkg\blds\libvorbis\x86-windows-dbg && C:\Users\-- Install configuration: "Debug"
-- Installing: E:/Electro/Disunited-States-of-America/vcpkg_installed/vcpkg/pkgs/libvorbis_x86-windows/debug/lib/pkgconfig/vorbis.pc
-- Installing: E:/Electro/Disunited-States-of-America/vcpkg_installed/vcpkg/pkgs/libvorbis_x86-windows/debug/lib/pkgconfig/vorbisenc.pc
-- Installing: E:/Electro/Disunited-States-of-America/vcpkg_installed/vcpkg/pkgs/libvorbis_x86-windows/debug/lib/pkgconfig/vorbisfile.pc
-- Installing: E:/Electro/Disunited-States-of-America/vcpkg_installed/vcpkg/pkgs/libvorbis_x86-windows/debug/include/vorbis/codec.h
-- Installing: E:/Electro/Disunited-States-of-America/vcpkg_installed/vcpkg/pkgs/libvorbis_x86-windows/debug/include/vorbis/vorbisenc.h
-- Installing: E:/Electro/Disunited-States-of-America/vcpkg_installed/vcpkg/pkgs/libvorbis_x86-windows/debug/include/vorbis/vorbisfile.h
-- Installing: E:/Electro/Disunited-States-of-America/vcpkg_installed/vcpkg/pkgs/libvorbis_x86-windows/debug/lib/vorbis.lib
-- Installing: E:/Electro/Disunited-States-of-America/vcpkg_installed/vcpkg/pkgs/libvorbis_x86-windows/debug/bin/vorbis.dll
-- Installing: E:/Electro/Disunited-States-of-America/vcpkg_installed/vcpkg/pkgs/libvorbis_x86-windows/debug/lib/vorbisenc.lib
-- Installing: E:/Electro/Disunited-States-of-America/vcpkg_installed/vcpkg/pkgs/libvorbis_x86-windows/debug/bin/vorbisenc.dll
-- Installing: E:/Electro/Disunited-States-of-America/vcpkg_installed/vcpkg/pkgs/libvorbis_x86-windows/debug/lib/vorbisfile.lib
-- Installing: E:/Electro/Disunited-States-of-America/vcpkg_installed/vcpkg/pkgs/libvorbis_x86-windows/debug/bin/vorbisfile.dll
-- Installing: E:/Electro/Disunited-States-of-America/vcpkg_installed/vcpkg/pkgs/libvorbis_x86-windows/debug/lib/cmake/Vorbis/VorbisTargets.cmake
-- Installing: E:/Electro/Disunited-States-of-America/vcpkg_installed/vcpkg/pkgs/libvorbis_x86-windows/debug/lib/cmake/Vorbis/VorbisTargets-debug.cmake
-- Installing: E:/Electro/Disunited-States-of-America/vcpkg_installed/vcpkg/pkgs/libvorbis_x86-windows/debug/lib/cmake/Vorbis/VorbisConfig.cmake
-- Installing: E:/Electro/Disunited-States-of-America/vcpkg_installed/vcpkg/pkgs/libvorbis_x86-windows/debug/lib/cmake/Vorbis/VorbisConfigVersion.cmake
segfault\AppData\Local\vcpkg\downloads\tools\cmake-3.27.1-windows\cmake-3.27.1-windows-i386\bin\cmake.exe -P cmake_install.cmake"

