-- Found external ninja('1.11.0').
-- Configuring x64-windows
[1/1] "C:/Users/segfault/AppData/Local/vcpkg/downloads/tools/cmake-3.25.1-windows/cmake-3.25.1-windows-i386/bin/cmake.exe" -E chdir ".." "C:/Users/segfault/AppData/Local/vcpkg/downloads/tools/cmake-3.25.1-windows/cmake-3.25.1-windows-i386/bin/cmake.exe" "E:/vs2022/VC/vcpkg/scripts/detect_compiler" "-G" "Ninja" "-DCMAKE_BUILD_TYPE=Release" "-DCMAKE_INSTALL_PREFIX=E:/Electro/Disunited-States-of-America/vcpkg_installed/vcpkg/pkgs/detect_compiler_x64-windows" "-DCMAKE_MAKE_PROGRAM=E:/vs2022/Common7/IDE/CommonExtensions/Microsoft/CMake/Ninja/ninja.exe" "-DBUILD_SHARED_LIBS=ON" "-DVCPKG_CHAINLOAD_TOOLCHAIN_FILE=E:/vs2022/VC/vcpkg/scripts/toolchains/windows.cmake" "-DVCPKG_TARGET_TRIPLET=x64-windows" "-DVCPKG_SET_CHARSET_FLAG=ON" "-DVCPKG_PLATFORM_TOOLSET=v143" "-DCMAKE_EXPORT_NO_PACKAGE_REGISTRY=ON" "-DCMAKE_FIND_PACKAGE_NO_PACKAGE_REGISTRY=ON" "-DCMAKE_FIND_PACKAGE_NO_SYSTEM_PACKAGE_REGISTRY=ON" "-DCMAKE_INSTALL_SYSTEM_RUNTIME_LIBS_SKIP=TRUE" "-DCMAKE_VERBOSE_MAKEFILE=ON" "-DVCPKG_APPLOCAL_DEPS=OFF" "-DCMAKE_TOOLCHAIN_FILE=E:/vs2022/VC/vcpkg/scripts/buildsystems/vcpkg.cmake" "-DCMAKE_ERROR_ON_ABSOLUTE_INSTALL_DESTINATION=ON" "-DVCPKG_CXX_FLAGS=" "-DVCPKG_CXX_FLAGS_RELEASE=" "-DVCPKG_CXX_FLAGS_DEBUG=" "-DVCPKG_C_FLAGS=" "-DVCPKG_C_FLAGS_RELEASE=" "-DVCPKG_C_FLAGS_DEBUG=" "-DVCPKG_CRT_LINKAGE=dynamic" "-DVCPKG_LINKER_FLAGS=" "-DVCPKG_LINKER_FLAGS_RELEASE=" "-DVCPKG_LINKER_FLAGS_DEBUG=" "-DVCPKG_TARGET_ARCHITECTURE=x64" "-DCMAKE_INSTALL_LIBDIR:STRING=lib" "-DCMAKE_INSTALL_BINDIR:STRING=bin" "-D_VCPKG_ROOT_DIR=E:/vs2022/VC/vcpkg" "-DZ_VCPKG_ROOT_DIR=E:/vs2022/VC/vcpkg" "-D_VCPKG_INSTALLED_DIR=E:/Electro/Disunited-States-of-America/vcpkg_installed" "-DVCPKG_MANIFEST_INSTALL=OFF"
-- The C compiler identification is MSVC 19.36.32537.0
-- The CXX compiler identification is MSVC 19.36.32537.0
#COMPILER_HASH#eb476c3f766fe4ea68d67b9e64036794d708d18a
#COMPILER_C_HASH#05222f708e774e692e2ec3a67e54e37dd370de5d
#COMPILER_C_VERSION#19.36.32537.0
#COMPILER_C_ID#MSVC
#COMPILER_CXX_HASH#05222f708e774e692e2ec3a67e54e37dd370de5d
#COMPILER_CXX_VERSION#19.36.32537.0
#COMPILER_CXX_ID#MSVC
-- Configuring done
-- Generating done
CMake Warning:
  Manually-specified variables were not used by the project:

    BUILD_SHARED_LIBS
    CMAKE_INSTALL_BINDIR
    CMAKE_INSTALL_LIBDIR
    _VCPKG_ROOT_DIR


-- Build files have been written to: E:/Electro/Disunited-States-of-America/vcpkg_installed/vcpkg/blds/detect_compiler/x64-windows-rel


