[1/2] "C:/Users/segfault/AppData/Local/vcpkg/downloads/tools/cmake-3.27.1-windows/cmake-3.27.1-windows-i386/bin/cmake.exe" -E chdir ".." "C:/Users/segfault/AppData/Local/vcpkg/downloads/tools/cmake-3.27.1-windows/cmake-3.27.1-windows-i386/bin/cmake.exe" "E:/Electro/Disunited-States-of-America/vcpkg_installed/vcpkg/blds/freetype/src/freetype-2-dec0fa0f13.clean" "-G" "Ninja" "-DCMAKE_BUILD_TYPE=Release" "-DCMAKE_INSTALL_PREFIX=E:/Electro/Disunited-States-of-America/vcpkg_installed/vcpkg/pkgs/freetype_x86-windows" "-DFETCHCONTENT_FULLY_DISCONNECTED=ON" "-DFT_DISABLE_HARFBUZZ=ON" "-DFT_REQUIRE_ZLIB=ON" "-DFT_REQUIRE_BZIP2=ON" "-DFT_ENABLE_ERROR_STRINGS=OFF" "-DFT_REQUIRE_PNG=ON" "-DFT_REQUIRE_BROTLI=ON" "-DFT_DISABLE_ZLIB=OFF" "-DFT_DISABLE_BZIP2=OFF" "-DFT_DISABLE_PNG=OFF" "-DFT_DISABLE_BROTLI=OFF" "-DCMAKE_MAKE_PROGRAM=E:/vs2022/Common7/IDE/CommonExtensions/Microsoft/CMake/Ninja/ninja.exe" "-DBUILD_SHARED_LIBS=ON" "-DVCPKG_CHAINLOAD_TOOLCHAIN_FILE=E:/Electro/Disunited-States-of-America/tmp/vcpkg/scripts/toolchains/windows.cmake" "-DVCPKG_TARGET_TRIPLET=x86-windows" "-DVCPKG_SET_CHARSET_FLAG=ON" "-DVCPKG_PLATFORM_TOOLSET=v143" "-DCMAKE_EXPORT_NO_PACKAGE_REGISTRY=ON" "-DCMAKE_FIND_PACKAGE_NO_PACKAGE_REGISTRY=ON" "-DCMAKE_FIND_PACKAGE_NO_SYSTEM_PACKAGE_REGISTRY=ON" "-DCMAKE_INSTALL_SYSTEM_RUNTIME_LIBS_SKIP=TRUE" "-DCMAKE_VERBOSE_MAKEFILE=ON" "-DVCPKG_APPLOCAL_DEPS=OFF" "-DCMAKE_TOOLCHAIN_FILE=E:/Electro/Disunited-States-of-America/tmp/vcpkg/scripts/buildsystems/vcpkg.cmake" "-DCMAKE_ERROR_ON_ABSOLUTE_INSTALL_DESTINATION=ON" "-DVCPKG_CXX_FLAGS=" "-DVCPKG_CXX_FLAGS_RELEASE=" "-DVCPKG_CXX_FLAGS_DEBUG=" "-DVCPKG_C_FLAGS=" "-DVCPKG_C_FLAGS_RELEASE=" "-DVCPKG_C_FLAGS_DEBUG=" "-DVCPKG_CRT_LINKAGE=dynamic" "-DVCPKG_LINKER_FLAGS=" "-DVCPKG_LINKER_FLAGS_RELEASE=" "-DVCPKG_LINKER_FLAGS_DEBUG=" "-DVCPKG_TARGET_ARCHITECTURE=x86" "-DCMAKE_INSTALL_LIBDIR:STRING=lib" "-DCMAKE_INSTALL_BINDIR:STRING=bin" "-D_VCPKG_ROOT_DIR=E:/Electro/Disunited-States-of-America/tmp/vcpkg" "-D_VCPKG_INSTALLED_DIR=E:/Electro/Disunited-States-of-America/vcpkg_installed" "-DVCPKG_MANIFEST_INSTALL=OFF"
CMake Deprecation Warning at CMakeLists.txt:113 (cmake_minimum_required):
  Compatibility with CMake < 3.5 will be removed from a future version of
  CMake.

  Update the VERSION argument <min> value or use a ...<max> suffix to tell
  CMake that the project does not need compatibility with older versions.


-- The C compiler identification is MSVC 19.36.32537.0
-- Detecting C compiler ABI info
-- Detecting C compiler ABI info - done
-- Check for working C compiler: E:/vs2022/VC/Tools/MSVC/14.36.32532/bin/Hostx64/x86/cl.exe - skipped
-- Detecting C compile features
-- Detecting C compile features - done
-- Could NOT find PkgConfig (missing: PKG_CONFIG_EXECUTABLE) 
-- Found ZLIB: optimized;E:/Electro/Disunited-States-of-America/vcpkg_installed/x86-windows/lib/zlib.lib;debug;E:/Electro/Disunited-States-of-America/vcpkg_installed/x86-windows/debug/lib/zlibd.lib (found version "1.3.1")  
-- Found PNG: optimized;E:/Electro/Disunited-States-of-America/vcpkg_installed/x86-windows/lib/libpng16.lib;debug;E:/Electro/Disunited-States-of-America/vcpkg_installed/x86-windows/debug/lib/libpng16d.lib (found version "1.6.40") 
-- Found BZip2: optimized;E:/Electro/Disunited-States-of-America/vcpkg_installed/x86-windows/lib/bz2.lib;debug;E:/Electro/Disunited-States-of-America/vcpkg_installed/x86-windows/debug/lib/bz2d.lib (found version "1.0.8") 
-- Looking for BZ2_bzCompressInit
-- Looking for BZ2_bzCompressInit - found
-- Found BrotliDec: E:/Electro/Disunited-States-of-America/vcpkg_installed/x86-windows/include  
-- Configuring done (2.4s)
-- Generating done (0.1s)
CMake Warning:
  Manually-specified variables were not used by the project:

    FETCHCONTENT_FULLY_DISCONNECTED
    _VCPKG_ROOT_DIR


-- Build files have been written to: E:/Electro/Disunited-States-of-America/vcpkg_installed/vcpkg/blds/freetype/x86-windows-rel
[2/2] "C:/Users/segfault/AppData/Local/vcpkg/downloads/tools/cmake-3.27.1-windows/cmake-3.27.1-windows-i386/bin/cmake.exe" -E chdir "../../x86-windows-dbg" "C:/Users/segfault/AppData/Local/vcpkg/downloads/tools/cmake-3.27.1-windows/cmake-3.27.1-windows-i386/bin/cmake.exe" "E:/Electro/Disunited-States-of-America/vcpkg_installed/vcpkg/blds/freetype/src/freetype-2-dec0fa0f13.clean" "-G" "Ninja" "-DCMAKE_BUILD_TYPE=Debug" "-DCMAKE_INSTALL_PREFIX=E:/Electro/Disunited-States-of-America/vcpkg_installed/vcpkg/pkgs/freetype_x86-windows/debug" "-DFETCHCONTENT_FULLY_DISCONNECTED=ON" "-DFT_DISABLE_HARFBUZZ=ON" "-DFT_REQUIRE_ZLIB=ON" "-DFT_REQUIRE_BZIP2=ON" "-DFT_ENABLE_ERROR_STRINGS=OFF" "-DFT_REQUIRE_PNG=ON" "-DFT_REQUIRE_BROTLI=ON" "-DFT_DISABLE_ZLIB=OFF" "-DFT_DISABLE_BZIP2=OFF" "-DFT_DISABLE_PNG=OFF" "-DFT_DISABLE_BROTLI=OFF" "-DCMAKE_MAKE_PROGRAM=E:/vs2022/Common7/IDE/CommonExtensions/Microsoft/CMake/Ninja/ninja.exe" "-DBUILD_SHARED_LIBS=ON" "-DVCPKG_CHAINLOAD_TOOLCHAIN_FILE=E:/Electro/Disunited-States-of-America/tmp/vcpkg/scripts/toolchains/windows.cmake" "-DVCPKG_TARGET_TRIPLET=x86-windows" "-DVCPKG_SET_CHARSET_FLAG=ON" "-DVCPKG_PLATFORM_TOOLSET=v143" "-DCMAKE_EXPORT_NO_PACKAGE_REGISTRY=ON" "-DCMAKE_FIND_PACKAGE_NO_PACKAGE_REGISTRY=ON" "-DCMAKE_FIND_PACKAGE_NO_SYSTEM_PACKAGE_REGISTRY=ON" "-DCMAKE_INSTALL_SYSTEM_RUNTIME_LIBS_SKIP=TRUE" "-DCMAKE_VERBOSE_MAKEFILE=ON" "-DVCPKG_APPLOCAL_DEPS=OFF" "-DCMAKE_TOOLCHAIN_FILE=E:/Electro/Disunited-States-of-America/tmp/vcpkg/scripts/buildsystems/vcpkg.cmake" "-DCMAKE_ERROR_ON_ABSOLUTE_INSTALL_DESTINATION=ON" "-DVCPKG_CXX_FLAGS=" "-DVCPKG_CXX_FLAGS_RELEASE=" "-DVCPKG_CXX_FLAGS_DEBUG=" "-DVCPKG_C_FLAGS=" "-DVCPKG_C_FLAGS_RELEASE=" "-DVCPKG_C_FLAGS_DEBUG=" "-DVCPKG_CRT_LINKAGE=dynamic" "-DVCPKG_LINKER_FLAGS=" "-DVCPKG_LINKER_FLAGS_RELEASE=" "-DVCPKG_LINKER_FLAGS_DEBUG=" "-DVCPKG_TARGET_ARCHITECTURE=x86" "-DCMAKE_INSTALL_LIBDIR:STRING=lib" "-DCMAKE_INSTALL_BINDIR:STRING=bin" "-D_VCPKG_ROOT_DIR=E:/Electro/Disunited-States-of-America/tmp/vcpkg" "-D_VCPKG_INSTALLED_DIR=E:/Electro/Disunited-States-of-America/vcpkg_installed" "-DVCPKG_MANIFEST_INSTALL=OFF"
CMake Deprecation Warning at CMakeLists.txt:113 (cmake_minimum_required):
  Compatibility with CMake < 3.5 will be removed from a future version of
  CMake.

  Update the VERSION argument <min> value or use a ...<max> suffix to tell
  CMake that the project does not need compatibility with older versions.


-- The C compiler identification is MSVC 19.36.32537.0
-- Detecting C compiler ABI info
-- Detecting C compiler ABI info - done
-- Check for working C compiler: E:/vs2022/VC/Tools/MSVC/14.36.32532/bin/Hostx64/x86/cl.exe - skipped
-- Detecting C compile features
-- Detecting C compile features - done
-- Could NOT find PkgConfig (missing: PKG_CONFIG_EXECUTABLE) 
-- Found ZLIB: optimized;E:/Electro/Disunited-States-of-America/vcpkg_installed/x86-windows/lib/zlib.lib;debug;E:/Electro/Disunited-States-of-America/vcpkg_installed/x86-windows/debug/lib/zlibd.lib (found version "1.3.1")  
-- Found PNG: optimized;E:/Electro/Disunited-States-of-America/vcpkg_installed/x86-windows/lib/libpng16.lib;debug;E:/Electro/Disunited-States-of-America/vcpkg_installed/x86-windows/debug/lib/libpng16d.lib (found version "1.6.40") 
-- Found BZip2: optimized;E:/Electro/Disunited-States-of-America/vcpkg_installed/x86-windows/lib/bz2.lib;debug;E:/Electro/Disunited-States-of-America/vcpkg_installed/x86-windows/debug/lib/bz2d.lib (found version "1.0.8") 
-- Looking for BZ2_bzCompressInit
-- Looking for BZ2_bzCompressInit - found
-- Found BrotliDec: E:/Electro/Disunited-States-of-America/vcpkg_installed/x86-windows/include  
-- Configuring done (2.4s)
-- Generating done (0.1s)
CMake Warning:
  Manually-specified variables were not used by the project:

    FETCHCONTENT_FULLY_DISCONNECTED
    _VCPKG_ROOT_DIR


-- Build files have been written to: E:/Electro/Disunited-States-of-America/vcpkg_installed/vcpkg/blds/freetype/x86-windows-dbg
